initialized log system 0x7f9203c03920: ./neuropil_contoller_1111.log (0x7fff778102a0) 255
2015-04-06 21:51:15.667367 key.c          :key_to_str               :56   # 16       # key string now: ffffffffffffffffffffffffffffffffffffffffffffffffffffffffffffffff
2015-04-06 21:51:15.668030 key.c          :key_to_str               :56   # 16       # key string now: 7fffffffffffffffffffffffffffffffffffffffffffffffffffffffffffffff
2015-04-06 21:51:15.668070 neuropil.c     :np_init                  :281  # 1        # found hostname brandonpi-larnet.local
2015-04-06 21:51:15.668940 neuropil.c     :np_init                  :291  # 16       # brandonpi-larnet.local:1111
2015-04-06 21:51:15.668996 key.c          :key_generate_hash        :89   # 32       # md value (brandonpi-larnet.local:1111) now: [	®€ÂZÒˆ3<|°
Œ"3l§ë]
2015-04-06 21:51:15.669028 key.c          :key_create_from_hostport :124  # 32       # digest calculation returned HASH: 09ae80c25ad288333c7cb00a8c22336ca7eb00e3454377b812b20fbc3eb257ab
2015-04-06 21:51:15.669049 key.c          :key_create_from_hostport :127  # 32       # HASH(brandonpi-larnet.local:1111) = [09ae80c25ad288333c7cb00a8c22336ca7eb00e3454377b812b20fbc3eb257ab]
2015-04-06 21:51:15.669377 key.c          :key_to_str               :56   # 16       # key string now: 09ae80c25ad288333c7cb00a8c22336ca7eb00e3454377b812b20fbc3eb257ab
2015-04-06 21:51:15.669394 key.c          :key_to_str               :56   # 16       # key string now: 09ae80c25ad288333c7cb00a8c22336ca7eb00e3454377b812b20fbc3eb257ab
2015-04-06 21:51:15.669417 message.c      :message_init             :180  # 16       # register handler (0): _NEUROPIL.ROUTE.LOOKUP
2015-04-06 21:51:15.669427 message.c      :np_message_register_handl:346  # 16       # transform message handler registered for _NEUROPIL.ROUTE.LOOKUP
2015-04-06 21:51:15.669434 message.c      :message_init             :180  # 16       # register handler (1): _NEUROPIL.NODES.PIGGY
2015-04-06 21:51:15.669444 message.c      :np_message_register_handl:346  # 16       # transform message handler registered for _NEUROPIL.NODES.PIGGY
2015-04-06 21:51:15.669452 message.c      :message_init             :180  # 16       # register handler (4): _NEUROPIL.ACK
2015-04-06 21:51:15.669460 message.c      :np_message_register_handl:316  # 16       # inbound message handler registered for _NEUROPIL.ACK
2015-04-06 21:51:15.669466 message.c      :message_init             :180  # 16       # register handler (5): _NEUROPIL.ACK
2015-04-06 21:51:15.669474 message.c      :np_message_register_handl:331  # 16       # outbound message handler registered for _NEUROPIL.ACK
2015-04-06 21:51:15.669480 message.c      :message_init             :180  # 16       # register handler (6): _NEUROPIL.PING.REQUEST
2015-04-06 21:51:15.669488 message.c      :np_message_register_handl:316  # 16       # inbound message handler registered for _NEUROPIL.PING.REQUEST
2015-04-06 21:51:15.669495 message.c      :message_init             :180  # 16       # register handler (7): _NEUROPIL.PING.REPLY
2015-04-06 21:51:15.669503 message.c      :np_message_register_handl:316  # 16       # inbound message handler registered for _NEUROPIL.PING.REPLY
2015-04-06 21:51:15.669509 message.c      :message_init             :180  # 16       # register handler (8): _NEUROPIL.PING.REQUEST
2015-04-06 21:51:15.669517 message.c      :np_message_register_handl:331  # 16       # outbound message handler registered for _NEUROPIL.PING.REQUEST
2015-04-06 21:51:15.669524 message.c      :message_init             :180  # 16       # register handler (9): _NEUROPIL.PING.REPLY
2015-04-06 21:51:15.669532 message.c      :np_message_register_handl:331  # 16       # outbound message handler registered for _NEUROPIL.PING.REPLY
2015-04-06 21:51:15.669539 message.c      :message_init             :180  # 16       # register handler (10): _NEUROPIL.JOIN.REQUEST
2015-04-06 21:51:15.669547 message.c      :np_message_register_handl:316  # 16       # inbound message handler registered for _NEUROPIL.JOIN.REQUEST
2015-04-06 21:51:15.669554 message.c      :message_init             :180  # 16       # register handler (11): _NEUROPIL.JOIN.REQUEST
2015-04-06 21:51:15.669585 message.c      :np_message_register_handl:331  # 16       # outbound message handler registered for _NEUROPIL.JOIN.REQUEST
2015-04-06 21:51:15.669594 message.c      :message_init             :180  # 16       # register handler (12): _NEUROPIL.JOIN.ACK
2015-04-06 21:51:15.669602 message.c      :np_message_register_handl:316  # 16       # inbound message handler registered for _NEUROPIL.JOIN.ACK
2015-04-06 21:51:15.669609 message.c      :message_init             :180  # 16       # register handler (13): _NEUROPIL.JOIN.ACK
2015-04-06 21:51:15.669617 message.c      :np_message_register_handl:331  # 16       # outbound message handler registered for _NEUROPIL.JOIN.ACK
2015-04-06 21:51:15.669624 message.c      :message_init             :180  # 16       # register handler (14): _NEUROPIL.JOIN.NACK
2015-04-06 21:51:15.669632 message.c      :np_message_register_handl:316  # 16       # inbound message handler registered for _NEUROPIL.JOIN.NACK
2015-04-06 21:51:15.669639 message.c      :message_init             :180  # 16       # register handler (15): _NEUROPIL.JOIN.NACK
2015-04-06 21:51:15.669646 message.c      :np_message_register_handl:331  # 16       # outbound message handler registered for _NEUROPIL.JOIN.NACK
2015-04-06 21:51:15.669654 message.c      :message_init             :180  # 16       # register handler (16): _NEUROPIL.NODES.PIGGY
2015-04-06 21:51:15.669661 message.c      :np_message_register_handl:316  # 16       # inbound message handler registered for _NEUROPIL.NODES.PIGGY
2015-04-06 21:51:15.669668 message.c      :message_init             :180  # 16       # register handler (17): _NEUROPIL.NODES.PIGGY
2015-04-06 21:51:15.669676 message.c      :np_message_register_handl:331  # 16       # outbound message handler registered for _NEUROPIL.NODES.PIGGY
2015-04-06 21:51:15.669683 message.c      :message_init             :180  # 16       # register handler (18): _NEUROPIL.NODES.UPDATE
2015-04-06 21:51:15.669691 message.c      :np_message_register_handl:316  # 16       # inbound message handler registered for _NEUROPIL.NODES.UPDATE
2015-04-06 21:51:15.669698 message.c      :message_init             :180  # 16       # register handler (19): _NEUROPIL.NODES.UPDATE
2015-04-06 21:51:15.669706 message.c      :np_message_register_handl:331  # 16       # outbound message handler registered for _NEUROPIL.NODES.UPDATE
2015-04-06 21:51:15.669713 message.c      :message_init             :180  # 16       # register handler (20): _NEUROPIL.MESSAGE.INTEREST
2015-04-06 21:51:15.669720 message.c      :np_message_register_handl:316  # 16       # inbound message handler registered for _NEUROPIL.MESSAGE.INTEREST
2015-04-06 21:51:15.669728 message.c      :message_init             :180  # 16       # register handler (21): _NEUROPIL.MESSAGE.AVAILABILITY
2015-04-06 21:51:15.669736 message.c      :np_message_register_handl:316  # 16       # inbound message handler registered for _NEUROPIL.MESSAGE.AVAILABILITY
2015-04-06 21:51:15.669743 message.c      :message_init             :180  # 16       # register handler (22): _NEUROPIL.MESSAGE.INTEREST
2015-04-06 21:51:15.669751 message.c      :np_message_register_handl:331  # 16       # outbound message handler registered for _NEUROPIL.MESSAGE.INTEREST
2015-04-06 21:51:15.669758 message.c      :message_init             :180  # 16       # register handler (23): _NEUROPIL.MESSAGE.AVAILABILITY
2015-04-06 21:51:15.669766 message.c      :np_message_register_handl:331  # 16       # outbound message handler registered for _NEUROPIL.MESSAGE.AVAILABILITY
2015-04-06 21:51:15.669812 neuropil.c     :np_init                  :341  # 4        # neuropil successfully initialized: 09ae80c25ad288333c7cb00a8c22336ca7eb00e3454377b812b20fbc3eb257ab
2015-04-06 21:51:15.669824 neuropil_contro:main                     :119  # 16       # starting job queue
2015-04-06 21:51:15.669863 neuropil.c     :np_start_job_queue       :371  # 16       # neuropil thread started: 0x1075a7000
2015-04-06 21:51:15.669892 neuropil.c     :np_start_job_queue       :371  # 16       # neuropil thread started: 0x10762a000
2015-04-06 21:51:15.669927 neuropil.c     :np_start_job_queue       :371  # 16       # neuropil thread started: 0x1076ad000
2015-04-06 21:51:15.669931 job_queue.c    :job_exec                 :167  # 16       # job queue thread starting
2015-04-06 21:51:15.669949 neuropil.c     :np_start_job_queue       :371  # 16       # neuropil thread started: 0x107730000
2015-04-06 21:51:15.669878 job_queue.c    :job_exec                 :167  # 16       # job queue thread starting
2015-04-06 21:51:15.669975 neuropil.c     :np_start_job_queue       :371  # 16       # neuropil thread started: 0x1077b3000
2015-04-06 21:51:15.669984 job_queue.c    :job_exec                 :167  # 16       # job queue thread starting
2015-04-06 21:51:15.669987 job_queue.c    :job_exec                 :167  # 16       # job queue thread starting
2015-04-06 21:51:15.670042 neuropil.c     :np_start_job_queue       :371  # 16       # neuropil thread started: 0x107836000
2015-04-06 21:51:15.670050 np_glia.c      :np_check_leafset         :129  # 4        # leafset check for neighbours started
2015-04-06 21:51:15.670054 job_queue.c    :job_exec                 :167  # 16       # job queue thread starting
2015-04-06 21:51:15.670099 neuropil.c     :np_start_job_queue       :371  # 16       # neuropil thread started: 0x1078b9000
2015-04-06 21:51:15.670110 job_queue.c    :job_exec                 :167  # 16       # job queue thread starting
2015-04-06 21:51:15.670117 np_glia.c      :np_check_leafset         :148  # 4        # leafset check for table started
2015-04-06 21:51:15.670159 neuropil.c     :np_start_job_queue       :371  # 16       # neuropil thread started: 0x10793c000
2015-04-06 21:51:15.670170 job_queue.c    :job_exec                 :167  # 16       # job queue thread starting
2015-04-06 21:51:15.669899 job_queue.c    :job_exec                 :167  # 16       # job queue thread starting
2015-04-06 21:51:26.375207 neuropil_contro:main                     :135  # 16       # creating internal structure
2015-04-06 21:51:26.375683 neuropil_contro:main                     :141  # 16       # creating welcome message
2015-04-06 21:51:26.375910 neuropil_contro:main                     :146  # 16       # submitting welcome message
2015-04-06 21:51:27.682521 np_axon.c      :hnd_msg_out_send         :164  # 64       # sending message seq=0 ack=2 to brandonpi-larnet.local:2222
2015-04-06 21:51:27.684091 np_glia.c      :np_network_read          :392  # 16       # acknowledged seq=0
2015-04-06 21:51:29.363217 np_glia.c      :np_network_read          :399  # 16       # received message for subject: _NEUROPIL.JOIN.ACK (seq=0, ack=1)
2015-04-06 21:51:29.363298 np_glia.c      :np_route_lookup          :40   # 16       # target is 0x7f9203c045f0 key 09ae80c25ad288333c7cb00a8c22336ca7eb00e3454377b812b20fbc3eb257ab
2015-04-06 21:51:29.363311 np_axon.c      :hnd_msg_out_ack          :58   # 64       # sending ack back to brandonpi-larnet.local:2222
2015-04-06 21:51:29.363316 route.c        :route_lookup             :199  # 128      # 09ae80c25ad288333c7cb00a8c22336ca7eb00e3454377b812b20fbc3eb257ab is looking for key 09ae80c25ad288333c7cb00a8c22336ca7eb00e3454377b812b20fbc3eb257ab !
2015-04-06 21:51:29.363379 route.c        :route_lookup             :210  # 128      # routing through leafset
2015-04-06 21:51:29.363394 route.c        :route_lookup             :223  # 128      # ME: (brandonpi-larnet.local, 1111, 09ae80c25ad288333c7cb00a8c22336ca7eb00e3454377b812b20fbc3eb257ab)
2015-04-06 21:51:29.363404 key.c          :key_to_str               :56   # 16       # key string now: 09ae80c25ad288333c7cb00a8c22336ca7eb00e3454377b812b20fbc3eb257ab
2015-04-06 21:51:29.363413 key.c          :key_to_str               :56   # 16       # key string now: 09ae80c25ad288333c7cb00a8c22336ca7eb00e3454377b812b20fbc3eb257ab
2015-04-06 21:51:29.363422 key.c          :key_to_str               :56   # 16       # key string now: 0000000000000000000000000000000000000000000000000000000000000000
2015-04-06 21:51:29.363430 key.c          :key_distance             :340  # 32       # key_distance 09ae80c25ad288333c7cb00a8c22336ca7eb00e3454377b812b20fbc3eb257ab to 09ae80c25ad288333c7cb00a8c22336ca7eb00e3454377b812b20fbc3eb257ab = 0000000000000000000000000000000000000000000000000000000000000000
2015-04-06 21:51:29.363463 key.c          :key_to_str               :56   # 16       # key string now: 09ae80c25ad288333c7cb00a8c22336ca7eb00e3454377b812b20fbc3eb257ab
2015-04-06 21:51:29.363583 key.c          :key_to_str               :56   # 16       # key string now: 09ae80c25ad288333c7cb00a8c22336ca7eb00e3454377b812b20fbc3eb257ab
2015-04-06 21:51:29.363595 key.c          :key_to_str               :56   # 16       # key string now: 0000000000000000000000000000000000000000000000000000000000000000
2015-04-06 21:51:29.363603 key.c          :key_distance             :340  # 32       # key_distance 09ae80c25ad288333c7cb00a8c22336ca7eb00e3454377b812b20fbc3eb257ab to 09ae80c25ad288333c7cb00a8c22336ca7eb00e3454377b812b20fbc3eb257ab = 0000000000000000000000000000000000000000000000000000000000000000
2015-04-06 21:51:29.363641 route.c        :route_lookup             :254  # 128      # ++NEXT_HOP = 09ae80c25ad288333c7cb00a8c22336ca7eb00e3454377b812b20fbc3eb257ab
2015-04-06 21:51:29.363662 np_glia.c      :np_route_lookup          :72   # 16       # internal routing for _NEUROPIL.JOIN.ACK
2015-04-06 21:51:29.363967 np_dendrit.c   :hnd_msg_in_join_ack      :205  # 4        # received join ack from key: 1eb6f4dfbc8537d1a4b788bfe2cb7368ac03be11ba4d4a76c8ec610d3ba2886a host: brandonpi-larnet.local port 2222
2015-04-06 21:51:29.364029 route.c        :route_update             :812  # 4        # update in routing: 1 1eb6f4dfbc8537d1a4b788bfe2cb7368ac03be11ba4d4a76c8ec610d3ba2886a
2015-04-06 21:51:29.364051 key.c          :key_to_str               :56   # 16       # key string now: 1eb6f4dfbc8537d1a4b788bfe2cb7368ac03be11ba4d4a76c8ec610d3ba2886a
2015-04-06 21:51:29.364072 key.c          :key_to_str               :56   # 16       # key string now: 09ae80c25ad288333c7cb00a8c22336ca7eb00e3454377b812b20fbc3eb257ab
2015-04-06 21:51:29.364080 np_dendrit.c   :hnd_msg_in_join_ack      :220  # 4        # join acknowledged and updates to other nodes send
2015-04-06 21:51:31.686922 np_glia.c      :np_retransmit_messages   :233  # 4        # retransmission check for message 0 (now: 1428349891.686906 / rtt: 1428349891.681558)
2015-04-06 21:51:31.686960 np_glia.c      :np_retransmit_messages   :273  # 16       # message acknowledged, no further retry: 0
2015-04-06 21:51:31.686976 node.c         :np_node_update_stat      :443  # 16       # success rate for node 1eb6f4dfbc8537d1a4b788bfe2cb7368ac03be11ba4d4a76c8ec610d3ba2886a now: 0.6
2015-04-06 21:51:33.352421 np_glia.c      :np_network_read          :399  # 16       # received message for subject: _NEUROPIL.PING.REQUEST (seq=1, ack=1)
2015-04-06 21:51:33.352535 np_axon.c      :hnd_msg_out_ack          :58   # 64       # sending ack back to brandonpi-larnet.local:2222
2015-04-06 21:51:33.352535 np_glia.c      :np_route_lookup          :40   # 16       # target is 0x7f9203c045f0 key 09ae80c25ad288333c7cb00a8c22336ca7eb00e3454377b812b20fbc3eb257ab
2015-04-06 21:51:33.352621 route.c        :route_lookup             :199  # 128      # 09ae80c25ad288333c7cb00a8c22336ca7eb00e3454377b812b20fbc3eb257ab is looking for key 09ae80c25ad288333c7cb00a8c22336ca7eb00e3454377b812b20fbc3eb257ab !
2015-04-06 21:51:33.352650 np_glia.c      :np_network_read          :399  # 16       # received message for subject: _NEUROPIL.PING.REQUEST (seq=2, ack=1)
2015-04-06 21:51:33.352674 route.c        :route_lookup             :210  # 128      # routing through leafset
2015-04-06 21:51:33.352813 route.c        :route_lookup             :223  # 128      # ME: (brandonpi-larnet.local, 1111, 09ae80c25ad288333c7cb00a8c22336ca7eb00e3454377b812b20fbc3eb257ab)
2015-04-06 21:51:33.352832 route.c        :route_lookup             :244  # 128      # Right_leafset[0]: (brandonpi-larnet.local, 2222, 1eb6f4dfbc8537d1a4b788bfe2cb7368ac03be11ba4d4a76c8ec610d3ba2886a)
2015-04-06 21:51:33.352847 key.c          :key_to_str               :56   # 16       # key string now: 09ae80c25ad288333c7cb00a8c22336ca7eb00e3454377b812b20fbc3eb257ab
2015-04-06 21:51:33.352892 key.c          :key_to_str               :56   # 16       # key string now: 09ae80c25ad288333c7cb00a8c22336ca7eb00e3454377b812b20fbc3eb257ab
2015-04-06 21:51:33.352908 key.c          :key_to_str               :56   # 16       # key string now: 0000000000000000000000000000000000000000000000000000000000000000
2015-04-06 21:51:33.352915 np_axon.c      :hnd_msg_out_ack          :58   # 64       # sending ack back to brandonpi-larnet.local:2222
2015-04-06 21:51:33.352920 key.c          :key_distance             :340  # 32       # key_distance 09ae80c25ad288333c7cb00a8c22336ca7eb00e3454377b812b20fbc3eb257ab to 09ae80c25ad288333c7cb00a8c22336ca7eb00e3454377b812b20fbc3eb257ab = 0000000000000000000000000000000000000000000000000000000000000000
2015-04-06 21:51:33.352936 np_glia.c      :np_route_lookup          :40   # 16       # target is 0x7f9203c045f0 key 09ae80c25ad288333c7cb00a8c22336ca7eb00e3454377b812b20fbc3eb257ab
2015-04-06 21:51:33.353002 key.c          :key_to_str               :56   # 16       # key string now: 09ae80c25ad288333c7cb00a8c22336ca7eb00e3454377b812b20fbc3eb257ab
2015-04-06 21:51:33.353095 key.c          :key_to_str               :56   # 16       # key string now: 09ae80c25ad288333c7cb00a8c22336ca7eb00e3454377b812b20fbc3eb257ab
2015-04-06 21:51:33.353116 key.c          :key_to_str               :56   # 16       # key string now: 0000000000000000000000000000000000000000000000000000000000000000
2015-04-06 21:51:33.353129 key.c          :key_distance             :340  # 32       # key_distance 09ae80c25ad288333c7cb00a8c22336ca7eb00e3454377b812b20fbc3eb257ab to 09ae80c25ad288333c7cb00a8c22336ca7eb00e3454377b812b20fbc3eb257ab = 0000000000000000000000000000000000000000000000000000000000000000
2015-04-06 21:51:33.353142 key.c          :key_to_str               :56   # 16       # key string now: 1eb6f4dfbc8537d1a4b788bfe2cb7368ac03be11ba4d4a76c8ec610d3ba2886a
2015-04-06 21:51:33.353154 key.c          :key_to_str               :56   # 16       # key string now: 09ae80c25ad288333c7cb00a8c22336ca7eb00e3454377b812b20fbc3eb257ab
2015-04-06 21:51:33.353167 key.c          :key_to_str               :56   # 16       # key string now: 1508741d61b2b000683ad8b556a93c000418bd2e7509d000b63a5150fcf03000
2015-04-06 21:51:33.353179 key.c          :key_distance             :340  # 32       # key_distance 1eb6f4dfbc8537d1a4b788bfe2cb7368ac03be11ba4d4a76c8ec610d3ba2886a to 09ae80c25ad288333c7cb00a8c22336ca7eb00e3454377b812b20fbc3eb257ab = 1508741d61b2b000683ad8b556a93c000418bd2e7509d000b63a5150fcf03000
2015-04-06 21:51:33.353190 route.c        :route_lookup             :254  # 128      # ++NEXT_HOP = 09ae80c25ad288333c7cb00a8c22336ca7eb00e3454377b812b20fbc3eb257ab
2015-04-06 21:51:33.353208 np_glia.c      :np_route_lookup          :72   # 16       # internal routing for _NEUROPIL.PING.REQUEST
2015-04-06 21:51:33.353234 np_dendrit.c   :hnd_msg_in_ping          :267  # 16       # received a PING message from brandonpi-larnet.local:2222 !

2015-04-06 21:51:33.353254 route.c        :route_lookup             :199  # 128      # 09ae80c25ad288333c7cb00a8c22336ca7eb00e3454377b812b20fbc3eb257ab is looking for key 09ae80c25ad288333c7cb00a8c22336ca7eb00e3454377b812b20fbc3eb257ab !
2015-04-06 21:51:33.353277 route.c        :route_lookup             :210  # 128      # routing through leafset
2015-04-06 21:51:33.353292 route.c        :route_lookup             :223  # 128      # ME: (brandonpi-larnet.local, 1111, 09ae80c25ad288333c7cb00a8c22336ca7eb00e3454377b812b20fbc3eb257ab)
2015-04-06 21:51:33.353306 route.c        :route_lookup             :244  # 128      # Right_leafset[0]: (brandonpi-larnet.local, 2222, 1eb6f4dfbc8537d1a4b788bfe2cb7368ac03be11ba4d4a76c8ec610d3ba2886a)
2015-04-06 21:51:33.353320 key.c          :key_to_str               :56   # 16       # key string now: 09ae80c25ad288333c7cb00a8c22336ca7eb00e3454377b812b20fbc3eb257ab
2015-04-06 21:51:33.353352 key.c          :key_to_str               :56   # 16       # key string now: 09ae80c25ad288333c7cb00a8c22336ca7eb00e3454377b812b20fbc3eb257ab
2015-04-06 21:51:33.353381 key.c          :key_to_str               :56   # 16       # key string now: 0000000000000000000000000000000000000000000000000000000000000000
2015-04-06 21:51:33.353394 key.c          :key_distance             :340  # 32       # key_distance 09ae80c25ad288333c7cb00a8c22336ca7eb00e3454377b812b20fbc3eb257ab to 09ae80c25ad288333c7cb00a8c22336ca7eb00e3454377b812b20fbc3eb257ab = 0000000000000000000000000000000000000000000000000000000000000000
2015-04-06 21:51:33.353407 key.c          :key_to_str               :56   # 16       # key string now: 09ae80c25ad288333c7cb00a8c22336ca7eb00e3454377b812b20fbc3eb257ab
2015-04-06 21:51:33.353419 key.c          :key_to_str               :56   # 16       # key string now: 09ae80c25ad288333c7cb00a8c22336ca7eb00e3454377b812b20fbc3eb257ab
2015-04-06 21:51:33.353431 key.c          :key_to_str               :56   # 16       # key string now: 0000000000000000000000000000000000000000000000000000000000000000
2015-04-06 21:51:33.353443 key.c          :key_distance             :340  # 32       # key_distance 09ae80c25ad288333c7cb00a8c22336ca7eb00e3454377b812b20fbc3eb257ab to 09ae80c25ad288333c7cb00a8c22336ca7eb00e3454377b812b20fbc3eb257ab = 0000000000000000000000000000000000000000000000000000000000000000
2015-04-06 21:51:33.353455 key.c          :key_to_str               :56   # 16       # key string now: 1eb6f4dfbc8537d1a4b788bfe2cb7368ac03be11ba4d4a76c8ec610d3ba2886a
2015-04-06 21:51:33.353468 key.c          :key_to_str               :56   # 16       # key string now: 09ae80c25ad288333c7cb00a8c22336ca7eb00e3454377b812b20fbc3eb257ab
2015-04-06 21:51:33.353480 key.c          :key_to_str               :56   # 16       # key string now: 1508741d61b2b000683ad8b556a93c000418bd2e7509d000b63a5150fcf03000
2015-04-06 21:51:33.353491 key.c          :key_distance             :340  # 32       # key_distance 1eb6f4dfbc8537d1a4b788bfe2cb7368ac03be11ba4d4a76c8ec610d3ba2886a to 09ae80c25ad288333c7cb00a8c22336ca7eb00e3454377b812b20fbc3eb257ab = 1508741d61b2b000683ad8b556a93c000418bd2e7509d000b63a5150fcf03000
2015-04-06 21:51:33.353503 route.c        :route_lookup             :254  # 128      # ++NEXT_HOP = 09ae80c25ad288333c7cb00a8c22336ca7eb00e3454377b812b20fbc3eb257ab
2015-04-06 21:51:33.353515 np_glia.c      :np_route_lookup          :72   # 16       # internal routing for _NEUROPIL.PING.REQUEST
2015-04-06 21:51:33.353538 np_dendrit.c   :hnd_msg_in_ping          :267  # 16       # received a PING message from brandonpi-larnet.local:2222 !

2015-04-06 21:51:34.689972 np_axon.c      :hnd_msg_out_send         :164  # 64       # sending message seq=1 ack=1 to brandonpi-larnet.local:2222
2015-04-06 21:51:34.689985 np_axon.c      :hnd_msg_out_send         :164  # 64       # sending message seq=2 ack=1 to brandonpi-larnet.local:2222
2015-04-06 21:51:34.690593 np_glia.c      :np_network_read          :392  # 16       # acknowledged seq=1
2015-04-06 21:51:34.690745 np_glia.c      :np_network_read          :392  # 16       # acknowledged seq=2
2015-04-06 21:51:35.671644 np_glia.c      :np_check_leafset         :129  # 4        # leafset check for neighbours started
2015-04-06 21:51:35.671736 neuropil.c     :np_ping                  :229  # 16       # ping request to: 1eb6f4dfbc8537d1a4b788bfe2cb7368ac03be11ba4d4a76c8ec610d3ba2886a
2015-04-06 21:51:35.671784 np_glia.c      :np_check_leafset         :148  # 4        # leafset check for table started
2015-04-06 21:51:35.671885 neuropil.c     :np_ping                  :229  # 16       # ping request to: 1eb6f4dfbc8537d1a4b788bfe2cb7368ac03be11ba4d4a76c8ec610d3ba2886a
2015-04-06 21:51:35.672144 np_axon.c      :hnd_msg_out_send         :164  # 64       # sending message seq=3 ack=1 to brandonpi-larnet.local:2222
2015-04-06 21:51:35.672531 np_axon.c      :hnd_msg_out_send         :164  # 64       # sending message seq=4 ack=1 to brandonpi-larnet.local:2222
2015-04-06 21:51:35.673005 np_glia.c      :np_network_read          :392  # 16       # acknowledged seq=3
2015-04-06 21:51:35.673231 np_glia.c      :np_network_read          :392  # 16       # acknowledged seq=4
2015-04-06 21:51:35.673648 np_glia.c      :np_network_read          :399  # 16       # received message for subject: _NEUROPIL.PING.REPLY (seq=3, ack=1)
2015-04-06 21:51:35.673792 np_axon.c      :hnd_msg_out_ack          :58   # 64       # sending ack back to brandonpi-larnet.local:2222
2015-04-06 21:51:35.673858 np_glia.c      :np_route_lookup          :40   # 16       # target is 0x7f9203c045f0 key 09ae80c25ad288333c7cb00a8c22336ca7eb00e3454377b812b20fbc3eb257ab
2015-04-06 21:51:35.673872 route.c        :route_lookup             :199  # 128      # 09ae80c25ad288333c7cb00a8c22336ca7eb00e3454377b812b20fbc3eb257ab is looking for key 09ae80c25ad288333c7cb00a8c22336ca7eb00e3454377b812b20fbc3eb257ab !
2015-04-06 21:51:35.673880 route.c        :route_lookup             :210  # 128      # routing through leafset
2015-04-06 21:51:35.673889 route.c        :route_lookup             :223  # 128      # ME: (brandonpi-larnet.local, 1111, 09ae80c25ad288333c7cb00a8c22336ca7eb00e3454377b812b20fbc3eb257ab)
2015-04-06 21:51:35.673925 route.c        :route_lookup             :244  # 128      # Right_leafset[0]: (brandonpi-larnet.local, 2222, 1eb6f4dfbc8537d1a4b788bfe2cb7368ac03be11ba4d4a76c8ec610d3ba2886a)
2015-04-06 21:51:35.673940 key.c          :key_to_str               :56   # 16       # key string now: 09ae80c25ad288333c7cb00a8c22336ca7eb00e3454377b812b20fbc3eb257ab
2015-04-06 21:51:35.673949 key.c          :key_to_str               :56   # 16       # key string now: 09ae80c25ad288333c7cb00a8c22336ca7eb00e3454377b812b20fbc3eb257ab
2015-04-06 21:51:35.673949 np_glia.c      :np_network_read          :399  # 16       # received message for subject: _NEUROPIL.PING.REPLY (seq=4, ack=1)
2015-04-06 21:51:35.673960 key.c          :key_to_str               :56   # 16       # key string now: 0000000000000000000000000000000000000000000000000000000000000000
2015-04-06 21:51:35.674042 key.c          :key_distance             :340  # 32       # key_distance 09ae80c25ad288333c7cb00a8c22336ca7eb00e3454377b812b20fbc3eb257ab to 09ae80c25ad288333c7cb00a8c22336ca7eb00e3454377b812b20fbc3eb257ab = 0000000000000000000000000000000000000000000000000000000000000000
2015-04-06 21:51:35.674054 key.c          :key_to_str               :56   # 16       # key string now: 09ae80c25ad288333c7cb00a8c22336ca7eb00e3454377b812b20fbc3eb257ab
2015-04-06 21:51:35.674062 key.c          :key_to_str               :56   # 16       # key string now: 09ae80c25ad288333c7cb00a8c22336ca7eb00e3454377b812b20fbc3eb257ab
2015-04-06 21:51:35.674072 key.c          :key_to_str               :56   # 16       # key string now: 0000000000000000000000000000000000000000000000000000000000000000
2015-04-06 21:51:35.674079 key.c          :key_distance             :340  # 32       # key_distance 09ae80c25ad288333c7cb00a8c22336ca7eb00e3454377b812b20fbc3eb257ab to 09ae80c25ad288333c7cb00a8c22336ca7eb00e3454377b812b20fbc3eb257ab = 0000000000000000000000000000000000000000000000000000000000000000
2015-04-06 21:51:35.674088 key.c          :key_to_str               :56   # 16       # key string now: 1eb6f4dfbc8537d1a4b788bfe2cb7368ac03be11ba4d4a76c8ec610d3ba2886a
2015-04-06 21:51:35.674096 key.c          :key_to_str               :56   # 16       # key string now: 09ae80c25ad288333c7cb00a8c22336ca7eb00e3454377b812b20fbc3eb257ab
2015-04-06 21:51:35.674104 key.c          :key_to_str               :56   # 16       # key string now: 1508741d61b2b000683ad8b556a93c000418bd2e7509d000b63a5150fcf03000
2015-04-06 21:51:35.674112 key.c          :key_distance             :340  # 32       # key_distance 1eb6f4dfbc8537d1a4b788bfe2cb7368ac03be11ba4d4a76c8ec610d3ba2886a to 09ae80c25ad288333c7cb00a8c22336ca7eb00e3454377b812b20fbc3eb257ab = 1508741d61b2b000683ad8b556a93c000418bd2e7509d000b63a5150fcf03000
2015-04-06 21:51:35.674119 route.c        :route_lookup             :254  # 128      # ++NEXT_HOP = 09ae80c25ad288333c7cb00a8c22336ca7eb00e3454377b812b20fbc3eb257ab
2015-04-06 21:51:35.674119 np_axon.c      :hnd_msg_out_ack          :58   # 64       # sending ack back to brandonpi-larnet.local:2222
2015-04-06 21:51:35.674145 np_glia.c      :np_route_lookup          :72   # 16       # internal routing for _NEUROPIL.PING.REPLY
2015-04-06 21:51:35.674143 np_glia.c      :np_route_lookup          :40   # 16       # target is 0x7f9203c045f0 key 09ae80c25ad288333c7cb00a8c22336ca7eb00e3454377b812b20fbc3eb257ab
2015-04-06 21:51:35.674233 np_dendrit.c   :hnd_msg_in_pingreply     :281  # 16       # ping reply received from host: brandonpi-larnet.local:2222, last failure time: 1428349895.671856!
2015-04-06 21:51:35.674245 route.c        :route_lookup             :199  # 128      # 09ae80c25ad288333c7cb00a8c22336ca7eb00e3454377b812b20fbc3eb257ab is looking for key 09ae80c25ad288333c7cb00a8c22336ca7eb00e3454377b812b20fbc3eb257ab !
2015-04-06 21:51:35.674307 route.c        :route_lookup             :210  # 128      # routing through leafset
2015-04-06 21:51:35.674319 route.c        :route_lookup             :223  # 128      # ME: (brandonpi-larnet.local, 1111, 09ae80c25ad288333c7cb00a8c22336ca7eb00e3454377b812b20fbc3eb257ab)
2015-04-06 21:51:35.674328 route.c        :route_lookup             :244  # 128      # Right_leafset[0]: (brandonpi-larnet.local, 2222, 1eb6f4dfbc8537d1a4b788bfe2cb7368ac03be11ba4d4a76c8ec610d3ba2886a)
2015-04-06 21:51:35.674337 key.c          :key_to_str               :56   # 16       # key string now: 09ae80c25ad288333c7cb00a8c22336ca7eb00e3454377b812b20fbc3eb257ab
2015-04-06 21:51:35.674346 key.c          :key_to_str               :56   # 16       # key string now: 09ae80c25ad288333c7cb00a8c22336ca7eb00e3454377b812b20fbc3eb257ab
2015-04-06 21:51:35.674354 key.c          :key_to_str               :56   # 16       # key string now: 0000000000000000000000000000000000000000000000000000000000000000
2015-04-06 21:51:35.674362 key.c          :key_distance             :340  # 32       # key_distance 09ae80c25ad288333c7cb00a8c22336ca7eb00e3454377b812b20fbc3eb257ab to 09ae80c25ad288333c7cb00a8c22336ca7eb00e3454377b812b20fbc3eb257ab = 0000000000000000000000000000000000000000000000000000000000000000
2015-04-06 21:51:35.674369 key.c          :key_to_str               :56   # 16       # key string now: 09ae80c25ad288333c7cb00a8c22336ca7eb00e3454377b812b20fbc3eb257ab
2015-04-06 21:51:35.674377 key.c          :key_to_str               :56   # 16       # key string now: 09ae80c25ad288333c7cb00a8c22336ca7eb00e3454377b812b20fbc3eb257ab
2015-04-06 21:51:35.674385 key.c          :key_to_str               :56   # 16       # key string now: 0000000000000000000000000000000000000000000000000000000000000000
2015-04-06 21:51:35.674392 key.c          :key_distance             :340  # 32       # key_distance 09ae80c25ad288333c7cb00a8c22336ca7eb00e3454377b812b20fbc3eb257ab to 09ae80c25ad288333c7cb00a8c22336ca7eb00e3454377b812b20fbc3eb257ab = 0000000000000000000000000000000000000000000000000000000000000000
2015-04-06 21:51:35.674401 key.c          :key_to_str               :56   # 16       # key string now: 1eb6f4dfbc8537d1a4b788bfe2cb7368ac03be11ba4d4a76c8ec610d3ba2886a
2015-04-06 21:51:35.674409 key.c          :key_to_str               :56   # 16       # key string now: 09ae80c25ad288333c7cb00a8c22336ca7eb00e3454377b812b20fbc3eb257ab
2015-04-06 21:51:35.674417 key.c          :key_to_str               :56   # 16       # key string now: 1508741d61b2b000683ad8b556a93c000418bd2e7509d000b63a5150fcf03000
2015-04-06 21:51:35.674424 key.c          :key_distance             :340  # 32       # key_distance 1eb6f4dfbc8537d1a4b788bfe2cb7368ac03be11ba4d4a76c8ec610d3ba2886a to 09ae80c25ad288333c7cb00a8c22336ca7eb00e3454377b812b20fbc3eb257ab = 1508741d61b2b000683ad8b556a93c000418bd2e7509d000b63a5150fcf03000
2015-04-06 21:51:35.674432 route.c        :route_lookup             :254  # 128      # ++NEXT_HOP = 09ae80c25ad288333c7cb00a8c22336ca7eb00e3454377b812b20fbc3eb257ab
2015-04-06 21:51:35.674441 np_glia.c      :np_route_lookup          :72   # 16       # internal routing for _NEUROPIL.PING.REPLY
2015-04-06 21:51:35.674458 np_dendrit.c   :hnd_msg_in_pingreply     :281  # 16       # ping reply received from host: brandonpi-larnet.local:2222, last failure time: 0.000000!
2015-04-06 21:51:38.692828 np_glia.c      :np_retransmit_messages   :233  # 4        # retransmission check for message 1 (now: 1428349898.692812 / rtt: 1428349898.688894)
2015-04-06 21:51:38.692876 np_glia.c      :np_retransmit_messages   :273  # 16       # message acknowledged, no further retry: 1
2015-04-06 21:51:38.692897 node.c         :np_node_update_stat      :443  # 16       # success rate for node 1eb6f4dfbc8537d1a4b788bfe2cb7368ac03be11ba4d4a76c8ec610d3ba2886a now: 0.6
2015-04-06 21:51:38.693073 np_glia.c      :np_retransmit_messages   :233  # 4        # retransmission check for message 2 (now: 1428349898.693027 / rtt: 1428349898.688928)
2015-04-06 21:51:38.693092 np_glia.c      :np_retransmit_messages   :273  # 16       # message acknowledged, no further retry: 2
2015-04-06 21:51:38.693102 node.c         :np_node_update_stat      :443  # 16       # success rate for node 1eb6f4dfbc8537d1a4b788bfe2cb7368ac03be11ba4d4a76c8ec610d3ba2886a now: 0.6
2015-04-06 21:51:40.694641 np_glia.c      :np_retransmit_messages   :233  # 4        # retransmission check for message 3 (now: 1428349900.694626 / rtt: 1428349900.672138)
2015-04-06 21:51:40.694676 np_glia.c      :np_retransmit_messages   :273  # 16       # message acknowledged, no further retry: 3
2015-04-06 21:51:40.694687 node.c         :np_node_update_stat      :443  # 16       # success rate for node 1eb6f4dfbc8537d1a4b788bfe2cb7368ac03be11ba4d4a76c8ec610d3ba2886a now: 0.7
2015-04-06 21:51:40.694730 np_glia.c      :np_retransmit_messages   :233  # 4        # retransmission check for message 4 (now: 1428349900.694724 / rtt: 1428349900.672525)
2015-04-06 21:51:40.694745 np_glia.c      :np_retransmit_messages   :273  # 16       # message acknowledged, no further retry: 4
2015-04-06 21:51:40.694754 node.c         :np_node_update_stat      :443  # 16       # success rate for node 1eb6f4dfbc8537d1a4b788bfe2cb7368ac03be11ba4d4a76c8ec610d3ba2886a now: 0.8
2015-04-06 21:51:54.387494 np_glia.c      :np_network_read          :399  # 16       # received message for subject: _NEUROPIL.PING.REQUEST (seq=5, ack=1)
2015-04-06 21:51:54.387600 np_axon.c      :hnd_msg_out_ack          :58   # 64       # sending ack back to brandonpi-larnet.local:2222
2015-04-06 21:51:54.387606 np_glia.c      :np_route_lookup          :40   # 16       # target is 0x7f9203c045f0 key 09ae80c25ad288333c7cb00a8c22336ca7eb00e3454377b812b20fbc3eb257ab
2015-04-06 21:51:54.387684 route.c        :route_lookup             :199  # 128      # 09ae80c25ad288333c7cb00a8c22336ca7eb00e3454377b812b20fbc3eb257ab is looking for key 09ae80c25ad288333c7cb00a8c22336ca7eb00e3454377b812b20fbc3eb257ab !
2015-04-06 21:51:54.387697 route.c        :route_lookup             :210  # 128      # routing through leafset
2015-04-06 21:51:54.387697 np_glia.c      :np_network_read          :399  # 16       # received message for subject: _NEUROPIL.PING.REQUEST (seq=6, ack=1)
2015-04-06 21:51:54.387709 route.c        :route_lookup             :223  # 128      # ME: (brandonpi-larnet.local, 1111, 09ae80c25ad288333c7cb00a8c22336ca7eb00e3454377b812b20fbc3eb257ab)
2015-04-06 21:51:54.387797 route.c        :route_lookup             :244  # 128      # Right_leafset[0]: (brandonpi-larnet.local, 2222, 1eb6f4dfbc8537d1a4b788bfe2cb7368ac03be11ba4d4a76c8ec610d3ba2886a)
2015-04-06 21:51:54.387809 key.c          :key_to_str               :56   # 16       # key string now: 09ae80c25ad288333c7cb00a8c22336ca7eb00e3454377b812b20fbc3eb257ab
2015-04-06 21:51:54.387818 key.c          :key_to_str               :56   # 16       # key string now: 09ae80c25ad288333c7cb00a8c22336ca7eb00e3454377b812b20fbc3eb257ab
2015-04-06 21:51:54.387827 key.c          :key_to_str               :56   # 16       # key string now: 0000000000000000000000000000000000000000000000000000000000000000
2015-04-06 21:51:54.387835 key.c          :key_distance             :340  # 32       # key_distance 09ae80c25ad288333c7cb00a8c22336ca7eb00e3454377b812b20fbc3eb257ab to 09ae80c25ad288333c7cb00a8c22336ca7eb00e3454377b812b20fbc3eb257ab = 0000000000000000000000000000000000000000000000000000000000000000
2015-04-06 21:51:54.387868 key.c          :key_to_str               :56   # 16       # key string now: 09ae80c25ad288333c7cb00a8c22336ca7eb00e3454377b812b20fbc3eb257ab
2015-04-06 21:51:54.387877 key.c          :key_to_str               :56   # 16       # key string now: 09ae80c25ad288333c7cb00a8c22336ca7eb00e3454377b812b20fbc3eb257ab
2015-04-06 21:51:54.387885 key.c          :key_to_str               :56   # 16       # key string now: 0000000000000000000000000000000000000000000000000000000000000000
2015-04-06 21:51:54.387893 key.c          :key_distance             :340  # 32       # key_distance 09ae80c25ad288333c7cb00a8c22336ca7eb00e3454377b812b20fbc3eb257ab to 09ae80c25ad288333c7cb00a8c22336ca7eb00e3454377b812b20fbc3eb257ab = 0000000000000000000000000000000000000000000000000000000000000000
2015-04-06 21:51:54.387901 key.c          :key_to_str               :56   # 16       # key string now: 1eb6f4dfbc8537d1a4b788bfe2cb7368ac03be11ba4d4a76c8ec610d3ba2886a
2015-04-06 21:51:54.387909 key.c          :key_to_str               :56   # 16       # key string now: 09ae80c25ad288333c7cb00a8c22336ca7eb00e3454377b812b20fbc3eb257ab
2015-04-06 21:51:54.387917 key.c          :key_to_str               :56   # 16       # key string now: 1508741d61b2b000683ad8b556a93c000418bd2e7509d000b63a5150fcf03000
2015-04-06 21:51:54.387925 key.c          :key_distance             :340  # 32       # key_distance 1eb6f4dfbc8537d1a4b788bfe2cb7368ac03be11ba4d4a76c8ec610d3ba2886a to 09ae80c25ad288333c7cb00a8c22336ca7eb00e3454377b812b20fbc3eb257ab = 1508741d61b2b000683ad8b556a93c000418bd2e7509d000b63a5150fcf03000
2015-04-06 21:51:54.387929 np_axon.c      :hnd_msg_out_ack          :58   # 64       # sending ack back to brandonpi-larnet.local:2222
2015-04-06 21:51:54.387933 route.c        :route_lookup             :254  # 128      # ++NEXT_HOP = 09ae80c25ad288333c7cb00a8c22336ca7eb00e3454377b812b20fbc3eb257ab
2015-04-06 21:51:54.387944 np_glia.c      :np_route_lookup          :40   # 16       # target is 0x7f9203c045f0 key 09ae80c25ad288333c7cb00a8c22336ca7eb00e3454377b812b20fbc3eb257ab
2015-04-06 21:51:54.387992 np_glia.c      :np_route_lookup          :72   # 16       # internal routing for _NEUROPIL.PING.REQUEST
2015-04-06 21:51:54.388043 np_glia.c      :np_network_read          :399  # 16       # received message for subject: _NEUROPIL.NODES.PIGGY (seq=7, ack=1)
2015-04-06 21:51:54.388097 route.c        :route_lookup             :199  # 128      # 09ae80c25ad288333c7cb00a8c22336ca7eb00e3454377b812b20fbc3eb257ab is looking for key 09ae80c25ad288333c7cb00a8c22336ca7eb00e3454377b812b20fbc3eb257ab !
2015-04-06 21:51:54.388110 np_dendrit.c   :hnd_msg_in_ping          :267  # 16       # received a PING message from brandonpi-larnet.local:2222 !

2015-04-06 21:51:54.388158 np_axon.c      :hnd_msg_out_ack          :58   # 64       # sending ack back to brandonpi-larnet.local:2222
2015-04-06 21:51:54.388169 np_glia.c      :np_route_lookup          :40   # 16       # target is 0x7f9203c045f0 key 09ae80c25ad288333c7cb00a8c22336ca7eb00e3454377b812b20fbc3eb257ab
2015-04-06 21:51:54.388180 route.c        :route_lookup             :210  # 128      # routing through leafset
2015-04-06 21:51:54.388325 route.c        :route_lookup             :223  # 128      # ME: (brandonpi-larnet.local, 1111, 09ae80c25ad288333c7cb00a8c22336ca7eb00e3454377b812b20fbc3eb257ab)
2015-04-06 21:51:54.388341 route.c        :route_lookup             :244  # 128      # Right_leafset[0]: (brandonpi-larnet.local, 2222, 1eb6f4dfbc8537d1a4b788bfe2cb7368ac03be11ba4d4a76c8ec610d3ba2886a)
2015-04-06 21:51:54.388350 key.c          :key_to_str               :56   # 16       # key string now: 09ae80c25ad288333c7cb00a8c22336ca7eb00e3454377b812b20fbc3eb257ab
2015-04-06 21:51:54.388360 key.c          :key_to_str               :56   # 16       # key string now: 09ae80c25ad288333c7cb00a8c22336ca7eb00e3454377b812b20fbc3eb257ab
2015-04-06 21:51:54.388368 key.c          :key_to_str               :56   # 16       # key string now: 0000000000000000000000000000000000000000000000000000000000000000
2015-04-06 21:51:54.388424 key.c          :key_distance             :340  # 32       # key_distance 09ae80c25ad288333c7cb00a8c22336ca7eb00e3454377b812b20fbc3eb257ab to 09ae80c25ad288333c7cb00a8c22336ca7eb00e3454377b812b20fbc3eb257ab = 0000000000000000000000000000000000000000000000000000000000000000
2015-04-06 21:51:54.388436 key.c          :key_to_str               :56   # 16       # key string now: 09ae80c25ad288333c7cb00a8c22336ca7eb00e3454377b812b20fbc3eb257ab
2015-04-06 21:51:54.388444 key.c          :key_to_str               :56   # 16       # key string now: 09ae80c25ad288333c7cb00a8c22336ca7eb00e3454377b812b20fbc3eb257ab
2015-04-06 21:51:54.388452 key.c          :key_to_str               :56   # 16       # key string now: 0000000000000000000000000000000000000000000000000000000000000000
2015-04-06 21:51:54.388459 key.c          :key_distance             :340  # 32       # key_distance 09ae80c25ad288333c7cb00a8c22336ca7eb00e3454377b812b20fbc3eb257ab to 09ae80c25ad288333c7cb00a8c22336ca7eb00e3454377b812b20fbc3eb257ab = 0000000000000000000000000000000000000000000000000000000000000000
2015-04-06 21:51:54.388467 key.c          :key_to_str               :56   # 16       # key string now: 1eb6f4dfbc8537d1a4b788bfe2cb7368ac03be11ba4d4a76c8ec610d3ba2886a
2015-04-06 21:51:54.388474 key.c          :key_to_str               :56   # 16       # key string now: 09ae80c25ad288333c7cb00a8c22336ca7eb00e3454377b812b20fbc3eb257ab
2015-04-06 21:51:54.388482 key.c          :key_to_str               :56   # 16       # key string now: 1508741d61b2b000683ad8b556a93c000418bd2e7509d000b63a5150fcf03000
2015-04-06 21:51:54.388489 key.c          :key_distance             :340  # 32       # key_distance 1eb6f4dfbc8537d1a4b788bfe2cb7368ac03be11ba4d4a76c8ec610d3ba2886a to 09ae80c25ad288333c7cb00a8c22336ca7eb00e3454377b812b20fbc3eb257ab = 1508741d61b2b000683ad8b556a93c000418bd2e7509d000b63a5150fcf03000
2015-04-06 21:51:54.388496 route.c        :route_lookup             :254  # 128      # ++NEXT_HOP = 09ae80c25ad288333c7cb00a8c22336ca7eb00e3454377b812b20fbc3eb257ab
2015-04-06 21:51:54.388507 np_glia.c      :np_route_lookup          :72   # 16       # internal routing for _NEUROPIL.PING.REQUEST
2015-04-06 21:51:54.388524 np_dendrit.c   :hnd_msg_in_ping          :267  # 16       # received a PING message from brandonpi-larnet.local:2222 !

2015-04-06 21:51:54.388533 route.c        :route_lookup             :199  # 128      # 09ae80c25ad288333c7cb00a8c22336ca7eb00e3454377b812b20fbc3eb257ab is looking for key 09ae80c25ad288333c7cb00a8c22336ca7eb00e3454377b812b20fbc3eb257ab !
2015-04-06 21:51:54.388548 route.c        :route_lookup             :210  # 128      # routing through leafset
2015-04-06 21:51:54.388579 route.c        :route_lookup             :223  # 128      # ME: (brandonpi-larnet.local, 1111, 09ae80c25ad288333c7cb00a8c22336ca7eb00e3454377b812b20fbc3eb257ab)
2015-04-06 21:51:54.388595 route.c        :route_lookup             :244  # 128      # Right_leafset[0]: (brandonpi-larnet.local, 2222, 1eb6f4dfbc8537d1a4b788bfe2cb7368ac03be11ba4d4a76c8ec610d3ba2886a)
2015-04-06 21:51:54.388603 key.c          :key_to_str               :56   # 16       # key string now: 09ae80c25ad288333c7cb00a8c22336ca7eb00e3454377b812b20fbc3eb257ab
2015-04-06 21:51:54.388610 key.c          :key_to_str               :56   # 16       # key string now: 09ae80c25ad288333c7cb00a8c22336ca7eb00e3454377b812b20fbc3eb257ab
2015-04-06 21:51:54.388618 key.c          :key_to_str               :56   # 16       # key string now: 0000000000000000000000000000000000000000000000000000000000000000
2015-04-06 21:51:54.388625 key.c          :key_distance             :340  # 32       # key_distance 09ae80c25ad288333c7cb00a8c22336ca7eb00e3454377b812b20fbc3eb257ab to 09ae80c25ad288333c7cb00a8c22336ca7eb00e3454377b812b20fbc3eb257ab = 0000000000000000000000000000000000000000000000000000000000000000
2015-04-06 21:51:54.388633 key.c          :key_to_str               :56   # 16       # key string now: 09ae80c25ad288333c7cb00a8c22336ca7eb00e3454377b812b20fbc3eb257ab
2015-04-06 21:51:54.388652 key.c          :key_to_str               :56   # 16       # key string now: 09ae80c25ad288333c7cb00a8c22336ca7eb00e3454377b812b20fbc3eb257ab
2015-04-06 21:51:54.388661 key.c          :key_to_str               :56   # 16       # key string now: 0000000000000000000000000000000000000000000000000000000000000000
2015-04-06 21:51:54.388668 key.c          :key_distance             :340  # 32       # key_distance 09ae80c25ad288333c7cb00a8c22336ca7eb00e3454377b812b20fbc3eb257ab to 09ae80c25ad288333c7cb00a8c22336ca7eb00e3454377b812b20fbc3eb257ab = 0000000000000000000000000000000000000000000000000000000000000000
2015-04-06 21:51:54.388676 key.c          :key_to_str               :56   # 16       # key string now: 1eb6f4dfbc8537d1a4b788bfe2cb7368ac03be11ba4d4a76c8ec610d3ba2886a
2015-04-06 21:51:54.388684 key.c          :key_to_str               :56   # 16       # key string now: 09ae80c25ad288333c7cb00a8c22336ca7eb00e3454377b812b20fbc3eb257ab
2015-04-06 21:51:54.388691 key.c          :key_to_str               :56   # 16       # key string now: 1508741d61b2b000683ad8b556a93c000418bd2e7509d000b63a5150fcf03000
2015-04-06 21:51:54.388698 key.c          :key_distance             :340  # 32       # key_distance 1eb6f4dfbc8537d1a4b788bfe2cb7368ac03be11ba4d4a76c8ec610d3ba2886a to 09ae80c25ad288333c7cb00a8c22336ca7eb00e3454377b812b20fbc3eb257ab = 1508741d61b2b000683ad8b556a93c000418bd2e7509d000b63a5150fcf03000
2015-04-06 21:51:54.388705 route.c        :route_lookup             :254  # 128      # ++NEXT_HOP = 09ae80c25ad288333c7cb00a8c22336ca7eb00e3454377b812b20fbc3eb257ab
2015-04-06 21:51:54.388714 np_glia.c      :np_route_lookup          :72   # 16       # internal routing for _NEUROPIL.NODES.PIGGY
2015-04-06 21:51:54.389002 route.c        :route_update             :812  # 4        # update in routing: 1 09ae80c25ad288333c7cb00a8c22336ca7eb00e3454377b812b20fbc3eb257ab
2015-04-06 21:51:55.672615 np_glia.c      :np_check_leafset         :129  # 4        # leafset check for neighbours started
2015-04-06 21:51:55.672702 neuropil.c     :np_ping                  :229  # 16       # ping request to: 1eb6f4dfbc8537d1a4b788bfe2cb7368ac03be11ba4d4a76c8ec610d3ba2886a
2015-04-06 21:51:55.672736 np_glia.c      :np_check_leafset         :148  # 4        # leafset check for table started
2015-04-06 21:51:55.672833 neuropil.c     :np_ping                  :229  # 16       # ping request to: 1eb6f4dfbc8537d1a4b788bfe2cb7368ac03be11ba4d4a76c8ec610d3ba2886a
2015-04-06 21:51:55.672860 np_glia.c      :np_check_leafset         :171  # 4        # leafset exchange for neighbours started
2015-04-06 21:51:55.707923 np_axon.c      :hnd_msg_out_send         :164  # 64       # sending message seq=6 ack=1 to brandonpi-larnet.local:2222
2015-04-06 21:51:55.708045 np_axon.c      :hnd_msg_out_send         :164  # 64       # sending message seq=5 ack=1 to brandonpi-larnet.local:2222
2015-04-06 21:51:55.708658 np_axon.c      :hnd_msg_out_send         :164  # 64       # sending message seq=7 ack=1 to brandonpi-larnet.local:2222
2015-04-06 21:51:55.708787 np_axon.c      :hnd_msg_out_send         :164  # 64       # sending message seq=8 ack=1 to brandonpi-larnet.local:2222
2015-04-06 21:51:55.708894 np_axon.c      :hnd_msg_out_send         :164  # 64       # sending message seq=9 ack=1 to brandonpi-larnet.local:2222
2015-04-06 21:51:55.709153 np_glia.c      :np_network_read          :392  # 16       # acknowledged seq=6
2015-04-06 21:51:55.709434 np_glia.c      :np_network_read          :392  # 16       # acknowledged seq=5
2015-04-06 21:51:55.709825 np_glia.c      :np_network_read          :392  # 16       # acknowledged seq=7
2015-04-06 21:51:55.710093 np_glia.c      :np_network_read          :392  # 16       # acknowledged seq=8
2015-04-06 21:51:55.710281 np_glia.c      :np_network_read          :392  # 16       # acknowledged seq=9
2015-04-06 21:51:55.711539 np_glia.c      :np_network_read          :399  # 16       # received message for subject: _NEUROPIL.PING.REPLY (seq=8, ack=1)
2015-04-06 21:51:55.711686 np_axon.c      :hnd_msg_out_ack          :58   # 64       # sending ack back to brandonpi-larnet.local:2222
2015-04-06 21:51:55.711755 np_glia.c      :np_route_lookup          :40   # 16       # target is 0x7f9203c045f0 key 09ae80c25ad288333c7cb00a8c22336ca7eb00e3454377b812b20fbc3eb257ab
2015-04-06 21:51:55.711769 route.c        :route_lookup             :199  # 128      # 09ae80c25ad288333c7cb00a8c22336ca7eb00e3454377b812b20fbc3eb257ab is looking for key 09ae80c25ad288333c7cb00a8c22336ca7eb00e3454377b812b20fbc3eb257ab !
2015-04-06 21:51:55.711777 route.c        :route_lookup             :210  # 128      # routing through leafset
2015-04-06 21:51:55.711786 route.c        :route_lookup             :223  # 128      # ME: (brandonpi-larnet.local, 1111, 09ae80c25ad288333c7cb00a8c22336ca7eb00e3454377b812b20fbc3eb257ab)
2015-04-06 21:51:55.711795 route.c        :route_lookup             :244  # 128      # Right_leafset[0]: (brandonpi-larnet.local, 2222, 1eb6f4dfbc8537d1a4b788bfe2cb7368ac03be11ba4d4a76c8ec610d3ba2886a)
2015-04-06 21:51:55.711804 key.c          :key_to_str               :56   # 16       # key string now: 09ae80c25ad288333c7cb00a8c22336ca7eb00e3454377b812b20fbc3eb257ab
2015-04-06 21:51:55.711811 key.c          :key_to_str               :56   # 16       # key string now: 09ae80c25ad288333c7cb00a8c22336ca7eb00e3454377b812b20fbc3eb257ab
2015-04-06 21:51:55.711819 key.c          :key_to_str               :56   # 16       # key string now: 0000000000000000000000000000000000000000000000000000000000000000
2015-04-06 21:51:55.711826 key.c          :key_distance             :340  # 32       # key_distance 09ae80c25ad288333c7cb00a8c22336ca7eb00e3454377b812b20fbc3eb257ab to 09ae80c25ad288333c7cb00a8c22336ca7eb00e3454377b812b20fbc3eb257ab = 0000000000000000000000000000000000000000000000000000000000000000
2015-04-06 21:51:55.711834 key.c          :key_to_str               :56   # 16       # key string now: 09ae80c25ad288333c7cb00a8c22336ca7eb00e3454377b812b20fbc3eb257ab
2015-04-06 21:51:55.711840 key.c          :key_to_str               :56   # 16       # key string now: 09ae80c25ad288333c7cb00a8c22336ca7eb00e3454377b812b20fbc3eb257ab
2015-04-06 21:51:55.711847 key.c          :key_to_str               :56   # 16       # key string now: 0000000000000000000000000000000000000000000000000000000000000000
2015-04-06 21:51:55.711853 key.c          :key_distance             :340  # 32       # key_distance 09ae80c25ad288333c7cb00a8c22336ca7eb00e3454377b812b20fbc3eb257ab to 09ae80c25ad288333c7cb00a8c22336ca7eb00e3454377b812b20fbc3eb257ab = 0000000000000000000000000000000000000000000000000000000000000000
2015-04-06 21:51:55.711860 key.c          :key_to_str               :56   # 16       # key string now: 1eb6f4dfbc8537d1a4b788bfe2cb7368ac03be11ba4d4a76c8ec610d3ba2886a
2015-04-06 21:51:55.711867 key.c          :key_to_str               :56   # 16       # key string now: 09ae80c25ad288333c7cb00a8c22336ca7eb00e3454377b812b20fbc3eb257ab
2015-04-06 21:51:55.711873 key.c          :key_to_str               :56   # 16       # key string now: 1508741d61b2b000683ad8b556a93c000418bd2e7509d000b63a5150fcf03000
2015-04-06 21:51:55.711880 key.c          :key_distance             :340  # 32       # key_distance 1eb6f4dfbc8537d1a4b788bfe2cb7368ac03be11ba4d4a76c8ec610d3ba2886a to 09ae80c25ad288333c7cb00a8c22336ca7eb00e3454377b812b20fbc3eb257ab = 1508741d61b2b000683ad8b556a93c000418bd2e7509d000b63a5150fcf03000
2015-04-06 21:51:55.711885 route.c        :route_lookup             :254  # 128      # ++NEXT_HOP = 09ae80c25ad288333c7cb00a8c22336ca7eb00e3454377b812b20fbc3eb257ab
2015-04-06 21:51:55.711893 np_glia.c      :np_route_lookup          :72   # 16       # internal routing for _NEUROPIL.PING.REPLY
2015-04-06 21:51:55.711948 np_glia.c      :np_network_read          :399  # 16       # received message for subject: _NEUROPIL.PING.REPLY (seq=9, ack=1)
2015-04-06 21:51:55.711990 np_dendrit.c   :hnd_msg_in_pingreply     :281  # 16       # ping reply received from host: brandonpi-larnet.local:2222, last failure time: 1428349915.672792!
2015-04-06 21:51:55.712072 np_axon.c      :hnd_msg_out_ack          :58   # 64       # sending ack back to brandonpi-larnet.local:2222
2015-04-06 21:51:55.712107 np_glia.c      :np_route_lookup          :40   # 16       # target is 0x7f9203c045f0 key 09ae80c25ad288333c7cb00a8c22336ca7eb00e3454377b812b20fbc3eb257ab
2015-04-06 21:51:55.712117 route.c        :route_lookup             :199  # 128      # 09ae80c25ad288333c7cb00a8c22336ca7eb00e3454377b812b20fbc3eb257ab is looking for key 09ae80c25ad288333c7cb00a8c22336ca7eb00e3454377b812b20fbc3eb257ab !
2015-04-06 21:51:55.712123 route.c        :route_lookup             :210  # 128      # routing through leafset
2015-04-06 21:51:55.712131 route.c        :route_lookup             :223  # 128      # ME: (brandonpi-larnet.local, 1111, 09ae80c25ad288333c7cb00a8c22336ca7eb00e3454377b812b20fbc3eb257ab)
2015-04-06 21:51:55.712137 route.c        :route_lookup             :244  # 128      # Right_leafset[0]: (brandonpi-larnet.local, 2222, 1eb6f4dfbc8537d1a4b788bfe2cb7368ac03be11ba4d4a76c8ec610d3ba2886a)
2015-04-06 21:51:55.712144 key.c          :key_to_str               :56   # 16       # key string now: 09ae80c25ad288333c7cb00a8c22336ca7eb00e3454377b812b20fbc3eb257ab
2015-04-06 21:51:55.712150 key.c          :key_to_str               :56   # 16       # key string now: 09ae80c25ad288333c7cb00a8c22336ca7eb00e3454377b812b20fbc3eb257ab
2015-04-06 21:51:55.712157 key.c          :key_to_str               :56   # 16       # key string now: 0000000000000000000000000000000000000000000000000000000000000000
2015-04-06 21:51:55.712163 key.c          :key_distance             :340  # 32       # key_distance 09ae80c25ad288333c7cb00a8c22336ca7eb00e3454377b812b20fbc3eb257ab to 09ae80c25ad288333c7cb00a8c22336ca7eb00e3454377b812b20fbc3eb257ab = 0000000000000000000000000000000000000000000000000000000000000000
2015-04-06 21:51:55.712170 key.c          :key_to_str               :56   # 16       # key string now: 09ae80c25ad288333c7cb00a8c22336ca7eb00e3454377b812b20fbc3eb257ab
2015-04-06 21:51:55.712176 key.c          :key_to_str               :56   # 16       # key string now: 09ae80c25ad288333c7cb00a8c22336ca7eb00e3454377b812b20fbc3eb257ab
2015-04-06 21:51:55.712183 key.c          :key_to_str               :56   # 16       # key string now: 0000000000000000000000000000000000000000000000000000000000000000
2015-04-06 21:51:55.712189 key.c          :key_distance             :340  # 32       # key_distance 09ae80c25ad288333c7cb00a8c22336ca7eb00e3454377b812b20fbc3eb257ab to 09ae80c25ad288333c7cb00a8c22336ca7eb00e3454377b812b20fbc3eb257ab = 0000000000000000000000000000000000000000000000000000000000000000
2015-04-06 21:51:55.712196 key.c          :key_to_str               :56   # 16       # key string now: 1eb6f4dfbc8537d1a4b788bfe2cb7368ac03be11ba4d4a76c8ec610d3ba2886a
2015-04-06 21:51:55.712202 key.c          :key_to_str               :56   # 16       # key string now: 09ae80c25ad288333c7cb00a8c22336ca7eb00e3454377b812b20fbc3eb257ab
2015-04-06 21:51:55.712209 key.c          :key_to_str               :56   # 16       # key string now: 1508741d61b2b000683ad8b556a93c000418bd2e7509d000b63a5150fcf03000
2015-04-06 21:51:55.712215 key.c          :key_distance             :340  # 32       # key_distance 1eb6f4dfbc8537d1a4b788bfe2cb7368ac03be11ba4d4a76c8ec610d3ba2886a to 09ae80c25ad288333c7cb00a8c22336ca7eb00e3454377b812b20fbc3eb257ab = 1508741d61b2b000683ad8b556a93c000418bd2e7509d000b63a5150fcf03000
2015-04-06 21:51:55.712221 route.c        :route_lookup             :254  # 128      # ++NEXT_HOP = 09ae80c25ad288333c7cb00a8c22336ca7eb00e3454377b812b20fbc3eb257ab
2015-04-06 21:51:55.712228 np_glia.c      :np_route_lookup          :72   # 16       # internal routing for _NEUROPIL.PING.REPLY
2015-04-06 21:51:55.712490 np_dendrit.c   :hnd_msg_in_pingreply     :281  # 16       # ping reply received from host: brandonpi-larnet.local:2222, last failure time: 0.000000!
2015-04-06 21:51:59.713123 np_glia.c      :np_retransmit_messages   :233  # 4        # retransmission check for message 5 (now: 1428349919.713108 / rtt: 1428349919.706905)
2015-04-06 21:51:59.713199 np_glia.c      :np_retransmit_messages   :273  # 16       # message acknowledged, no further retry: 5
2015-04-06 21:51:59.713220 node.c         :np_node_update_stat      :443  # 16       # success rate for node 1eb6f4dfbc8537d1a4b788bfe2cb7368ac03be11ba4d4a76c8ec610d3ba2886a now: 0.8
2015-04-06 21:51:59.713724 np_glia.c      :np_retransmit_messages   :233  # 4        # retransmission check for message 6 (now: 1428349919.713713 / rtt: 1428349919.706905)
2015-04-06 21:51:59.713751 np_glia.c      :np_retransmit_messages   :273  # 16       # message acknowledged, no further retry: 6
2015-04-06 21:51:59.713767 node.c         :np_node_update_stat      :443  # 16       # success rate for node 1eb6f4dfbc8537d1a4b788bfe2cb7368ac03be11ba4d4a76c8ec610d3ba2886a now: 0.9
2015-04-06 21:52:00.714599 np_glia.c      :np_retransmit_messages   :233  # 4        # retransmission check for message 7 (now: 1428349920.714580 / rtt: 1428349920.708122)
2015-04-06 21:52:00.714649 np_glia.c      :np_retransmit_messages   :273  # 16       # message acknowledged, no further retry: 7
2015-04-06 21:52:00.714671 node.c         :np_node_update_stat      :443  # 16       # success rate for node 1eb6f4dfbc8537d1a4b788bfe2cb7368ac03be11ba4d4a76c8ec610d3ba2886a now: 0.9
2015-04-06 21:52:00.714746 np_glia.c      :np_retransmit_messages   :233  # 4        # retransmission check for message 8 (now: 1428349920.714738 / rtt: 1428349920.708227)
2015-04-06 21:52:00.714770 np_glia.c      :np_retransmit_messages   :273  # 16       # message acknowledged, no further retry: 8
2015-04-06 21:52:00.714785 node.c         :np_node_update_stat      :443  # 16       # success rate for node 1eb6f4dfbc8537d1a4b788bfe2cb7368ac03be11ba4d4a76c8ec610d3ba2886a now: 0.9
2015-04-06 21:52:00.714844 np_glia.c      :np_retransmit_messages   :233  # 4        # retransmission check for message 9 (now: 1428349920.714837 / rtt: 1428349920.708281)
2015-04-06 21:52:00.714861 np_glia.c      :np_retransmit_messages   :273  # 16       # message acknowledged, no further retry: 9
2015-04-06 21:52:00.714874 node.c         :np_node_update_stat      :443  # 16       # success rate for node 1eb6f4dfbc8537d1a4b788bfe2cb7368ac03be11ba4d4a76c8ec610d3ba2886a now: 1.0
2015-04-06 21:52:14.405168 np_glia.c      :np_network_read          :399  # 16       # received message for subject: _NEUROPIL.PING.REQUEST (seq=10, ack=1)
2015-04-06 21:52:14.405267 np_glia.c      :np_route_lookup          :40   # 16       # target is 0x7f9203c045f0 key 09ae80c25ad288333c7cb00a8c22336ca7eb00e3454377b812b20fbc3eb257ab
2015-04-06 21:52:14.405286 np_axon.c      :hnd_msg_out_ack          :58   # 64       # sending ack back to brandonpi-larnet.local:2222
2015-04-06 21:52:14.405303 route.c        :route_lookup             :199  # 128      # 09ae80c25ad288333c7cb00a8c22336ca7eb00e3454377b812b20fbc3eb257ab is looking for key 09ae80c25ad288333c7cb00a8c22336ca7eb00e3454377b812b20fbc3eb257ab !
2015-04-06 21:52:14.405349 route.c        :route_lookup             :210  # 128      # routing through leafset
2015-04-06 21:52:14.405366 route.c        :route_lookup             :223  # 128      # ME: (brandonpi-larnet.local, 1111, 09ae80c25ad288333c7cb00a8c22336ca7eb00e3454377b812b20fbc3eb257ab)
2015-04-06 21:52:14.405379 route.c        :route_lookup             :244  # 128      # Right_leafset[0]: (brandonpi-larnet.local, 2222, 1eb6f4dfbc8537d1a4b788bfe2cb7368ac03be11ba4d4a76c8ec610d3ba2886a)
2015-04-06 21:52:14.405456 key.c          :key_to_str               :56   # 16       # key string now: 09ae80c25ad288333c7cb00a8c22336ca7eb00e3454377b812b20fbc3eb257ab
2015-04-06 21:52:14.405472 np_glia.c      :np_network_read          :399  # 16       # received message for subject: _NEUROPIL.PING.REQUEST (seq=11, ack=1)
2015-04-06 21:52:14.405484 key.c          :key_to_str               :56   # 16       # key string now: 09ae80c25ad288333c7cb00a8c22336ca7eb00e3454377b812b20fbc3eb257ab
2015-04-06 21:52:14.405575 np_axon.c      :hnd_msg_out_ack          :58   # 64       # sending ack back to brandonpi-larnet.local:2222
2015-04-06 21:52:14.405594 np_glia.c      :np_route_lookup          :40   # 16       # target is 0x7f9203c045f0 key 09ae80c25ad288333c7cb00a8c22336ca7eb00e3454377b812b20fbc3eb257ab
2015-04-06 21:52:14.405664 key.c          :key_to_str               :56   # 16       # key string now: 0000000000000000000000000000000000000000000000000000000000000000
2015-04-06 21:52:14.405753 key.c          :key_distance             :340  # 32       # key_distance 09ae80c25ad288333c7cb00a8c22336ca7eb00e3454377b812b20fbc3eb257ab to 09ae80c25ad288333c7cb00a8c22336ca7eb00e3454377b812b20fbc3eb257ab = 0000000000000000000000000000000000000000000000000000000000000000
2015-04-06 21:52:14.405766 key.c          :key_to_str               :56   # 16       # key string now: 09ae80c25ad288333c7cb00a8c22336ca7eb00e3454377b812b20fbc3eb257ab
2015-04-06 21:52:14.405775 key.c          :key_to_str               :56   # 16       # key string now: 09ae80c25ad288333c7cb00a8c22336ca7eb00e3454377b812b20fbc3eb257ab
2015-04-06 21:52:14.405784 key.c          :key_to_str               :56   # 16       # key string now: 0000000000000000000000000000000000000000000000000000000000000000
2015-04-06 21:52:14.405791 key.c          :key_distance             :340  # 32       # key_distance 09ae80c25ad288333c7cb00a8c22336ca7eb00e3454377b812b20fbc3eb257ab to 09ae80c25ad288333c7cb00a8c22336ca7eb00e3454377b812b20fbc3eb257ab = 0000000000000000000000000000000000000000000000000000000000000000
2015-04-06 21:52:14.405800 key.c          :key_to_str               :56   # 16       # key string now: 1eb6f4dfbc8537d1a4b788bfe2cb7368ac03be11ba4d4a76c8ec610d3ba2886a
2015-04-06 21:52:14.405808 key.c          :key_to_str               :56   # 16       # key string now: 09ae80c25ad288333c7cb00a8c22336ca7eb00e3454377b812b20fbc3eb257ab
2015-04-06 21:52:14.405817 key.c          :key_to_str               :56   # 16       # key string now: 1508741d61b2b000683ad8b556a93c000418bd2e7509d000b63a5150fcf03000
2015-04-06 21:52:14.405824 key.c          :key_distance             :340  # 32       # key_distance 1eb6f4dfbc8537d1a4b788bfe2cb7368ac03be11ba4d4a76c8ec610d3ba2886a to 09ae80c25ad288333c7cb00a8c22336ca7eb00e3454377b812b20fbc3eb257ab = 1508741d61b2b000683ad8b556a93c000418bd2e7509d000b63a5150fcf03000
2015-04-06 21:52:14.405831 route.c        :route_lookup             :254  # 128      # ++NEXT_HOP = 09ae80c25ad288333c7cb00a8c22336ca7eb00e3454377b812b20fbc3eb257ab
2015-04-06 21:52:14.405843 np_glia.c      :np_route_lookup          :72   # 16       # internal routing for _NEUROPIL.PING.REQUEST
2015-04-06 21:52:14.405863 np_dendrit.c   :hnd_msg_in_ping          :267  # 16       # received a PING message from brandonpi-larnet.local:2222 !

2015-04-06 21:52:14.405885 route.c        :route_lookup             :199  # 128      # 09ae80c25ad288333c7cb00a8c22336ca7eb00e3454377b812b20fbc3eb257ab is looking for key 09ae80c25ad288333c7cb00a8c22336ca7eb00e3454377b812b20fbc3eb257ab !
2015-04-06 21:52:14.405896 route.c        :route_lookup             :210  # 128      # routing through leafset
2015-04-06 21:52:14.405905 route.c        :route_lookup             :223  # 128      # ME: (brandonpi-larnet.local, 1111, 09ae80c25ad288333c7cb00a8c22336ca7eb00e3454377b812b20fbc3eb257ab)
2015-04-06 21:52:14.405937 route.c        :route_lookup             :244  # 128      # Right_leafset[0]: (brandonpi-larnet.local, 2222, 1eb6f4dfbc8537d1a4b788bfe2cb7368ac03be11ba4d4a76c8ec610d3ba2886a)
2015-04-06 21:52:14.405947 key.c          :key_to_str               :56   # 16       # key string now: 09ae80c25ad288333c7cb00a8c22336ca7eb00e3454377b812b20fbc3eb257ab
2015-04-06 21:52:14.405956 key.c          :key_to_str               :56   # 16       # key string now: 09ae80c25ad288333c7cb00a8c22336ca7eb00e3454377b812b20fbc3eb257ab
2015-04-06 21:52:14.405964 key.c          :key_to_str               :56   # 16       # key string now: 0000000000000000000000000000000000000000000000000000000000000000
2015-04-06 21:52:14.405972 key.c          :key_distance             :340  # 32       # key_distance 09ae80c25ad288333c7cb00a8c22336ca7eb00e3454377b812b20fbc3eb257ab to 09ae80c25ad288333c7cb00a8c22336ca7eb00e3454377b812b20fbc3eb257ab = 0000000000000000000000000000000000000000000000000000000000000000
2015-04-06 21:52:14.405993 key.c          :key_to_str               :56   # 16       # key string now: 09ae80c25ad288333c7cb00a8c22336ca7eb00e3454377b812b20fbc3eb257ab
2015-04-06 21:52:14.406002 key.c          :key_to_str               :56   # 16       # key string now: 09ae80c25ad288333c7cb00a8c22336ca7eb00e3454377b812b20fbc3eb257ab
2015-04-06 21:52:14.406011 key.c          :key_to_str               :56   # 16       # key string now: 0000000000000000000000000000000000000000000000000000000000000000
2015-04-06 21:52:14.406018 key.c          :key_distance             :340  # 32       # key_distance 09ae80c25ad288333c7cb00a8c22336ca7eb00e3454377b812b20fbc3eb257ab to 09ae80c25ad288333c7cb00a8c22336ca7eb00e3454377b812b20fbc3eb257ab = 0000000000000000000000000000000000000000000000000000000000000000
2015-04-06 21:52:14.406027 key.c          :key_to_str               :56   # 16       # key string now: 1eb6f4dfbc8537d1a4b788bfe2cb7368ac03be11ba4d4a76c8ec610d3ba2886a
2015-04-06 21:52:14.406035 key.c          :key_to_str               :56   # 16       # key string now: 09ae80c25ad288333c7cb00a8c22336ca7eb00e3454377b812b20fbc3eb257ab
2015-04-06 21:52:14.406043 key.c          :key_to_str               :56   # 16       # key string now: 1508741d61b2b000683ad8b556a93c000418bd2e7509d000b63a5150fcf03000
2015-04-06 21:52:14.406050 key.c          :key_distance             :340  # 32       # key_distance 1eb6f4dfbc8537d1a4b788bfe2cb7368ac03be11ba4d4a76c8ec610d3ba2886a to 09ae80c25ad288333c7cb00a8c22336ca7eb00e3454377b812b20fbc3eb257ab = 1508741d61b2b000683ad8b556a93c000418bd2e7509d000b63a5150fcf03000
2015-04-06 21:52:14.406057 route.c        :route_lookup             :254  # 128      # ++NEXT_HOP = 09ae80c25ad288333c7cb00a8c22336ca7eb00e3454377b812b20fbc3eb257ab
2015-04-06 21:52:14.406065 np_glia.c      :np_route_lookup          :72   # 16       # internal routing for _NEUROPIL.PING.REQUEST
2015-04-06 21:52:14.406081 np_dendrit.c   :hnd_msg_in_ping          :267  # 16       # received a PING message from brandonpi-larnet.local:2222 !

2015-04-06 21:52:15.674377 np_glia.c      :np_check_leafset         :129  # 4        # leafset check for neighbours started
2015-04-06 21:52:15.674517 neuropil.c     :np_ping                  :229  # 16       # ping request to: 1eb6f4dfbc8537d1a4b788bfe2cb7368ac03be11ba4d4a76c8ec610d3ba2886a
2015-04-06 21:52:15.674577 np_glia.c      :np_check_leafset         :148  # 4        # leafset check for table started
2015-04-06 21:52:15.674657 neuropil.c     :np_ping                  :229  # 16       # ping request to: 1eb6f4dfbc8537d1a4b788bfe2cb7368ac03be11ba4d4a76c8ec610d3ba2886a
2015-04-06 21:52:15.723993 np_axon.c      :hnd_msg_out_send         :164  # 64       # sending message seq=10 ack=1 to brandonpi-larnet.local:2222
2015-04-06 21:52:15.724046 np_axon.c      :hnd_msg_out_send         :164  # 64       # sending message seq=11 ack=1 to brandonpi-larnet.local:2222
2015-04-06 21:52:15.724363 np_axon.c      :hnd_msg_out_send         :164  # 64       # sending message seq=12 ack=1 to brandonpi-larnet.local:2222
2015-04-06 21:52:15.724404 np_axon.c      :hnd_msg_out_send         :164  # 64       # sending message seq=13 ack=1 to brandonpi-larnet.local:2222
2015-04-06 21:52:15.724677 np_glia.c      :np_network_read          :392  # 16       # acknowledged seq=10
2015-04-06 21:52:15.724940 np_glia.c      :np_network_read          :392  # 16       # acknowledged seq=11
2015-04-06 21:52:15.725120 np_glia.c      :np_network_read          :392  # 16       # acknowledged seq=12
2015-04-06 21:52:15.725359 np_glia.c      :np_network_read          :392  # 16       # acknowledged seq=13
2015-04-06 21:52:15.726368 np_glia.c      :np_network_read          :399  # 16       # received message for subject: _NEUROPIL.PING.REPLY (seq=12, ack=1)
2015-04-06 21:52:15.726448 np_axon.c      :hnd_msg_out_ack          :58   # 64       # sending ack back to brandonpi-larnet.local:2222
2015-04-06 21:52:15.726495 np_glia.c      :np_route_lookup          :40   # 16       # target is 0x7f9203c045f0 key 09ae80c25ad288333c7cb00a8c22336ca7eb00e3454377b812b20fbc3eb257ab
2015-04-06 21:52:15.726507 route.c        :route_lookup             :199  # 128      # 09ae80c25ad288333c7cb00a8c22336ca7eb00e3454377b812b20fbc3eb257ab is looking for key 09ae80c25ad288333c7cb00a8c22336ca7eb00e3454377b812b20fbc3eb257ab !
2015-04-06 21:52:15.726515 route.c        :route_lookup             :210  # 128      # routing through leafset
2015-04-06 21:52:15.726522 route.c        :route_lookup             :223  # 128      # ME: (brandonpi-larnet.local, 1111, 09ae80c25ad288333c7cb00a8c22336ca7eb00e3454377b812b20fbc3eb257ab)
2015-04-06 21:52:15.726530 route.c        :route_lookup             :244  # 128      # Right_leafset[0]: (brandonpi-larnet.local, 2222, 1eb6f4dfbc8537d1a4b788bfe2cb7368ac03be11ba4d4a76c8ec610d3ba2886a)
2015-04-06 21:52:15.726538 key.c          :key_to_str               :56   # 16       # key string now: 09ae80c25ad288333c7cb00a8c22336ca7eb00e3454377b812b20fbc3eb257ab
2015-04-06 21:52:15.726545 key.c          :key_to_str               :56   # 16       # key string now: 09ae80c25ad288333c7cb00a8c22336ca7eb00e3454377b812b20fbc3eb257ab
2015-04-06 21:52:15.726554 key.c          :key_to_str               :56   # 16       # key string now: 0000000000000000000000000000000000000000000000000000000000000000
2015-04-06 21:52:15.726561 key.c          :key_distance             :340  # 32       # key_distance 09ae80c25ad288333c7cb00a8c22336ca7eb00e3454377b812b20fbc3eb257ab to 09ae80c25ad288333c7cb00a8c22336ca7eb00e3454377b812b20fbc3eb257ab = 0000000000000000000000000000000000000000000000000000000000000000
2015-04-06 21:52:15.726567 key.c          :key_to_str               :56   # 16       # key string now: 09ae80c25ad288333c7cb00a8c22336ca7eb00e3454377b812b20fbc3eb257ab
2015-04-06 21:52:15.726574 key.c          :key_to_str               :56   # 16       # key string now: 09ae80c25ad288333c7cb00a8c22336ca7eb00e3454377b812b20fbc3eb257ab
2015-04-06 21:52:15.726581 key.c          :key_to_str               :56   # 16       # key string now: 0000000000000000000000000000000000000000000000000000000000000000
2015-04-06 21:52:15.726588 key.c          :key_distance             :340  # 32       # key_distance 09ae80c25ad288333c7cb00a8c22336ca7eb00e3454377b812b20fbc3eb257ab to 09ae80c25ad288333c7cb00a8c22336ca7eb00e3454377b812b20fbc3eb257ab = 0000000000000000000000000000000000000000000000000000000000000000
2015-04-06 21:52:15.726595 key.c          :key_to_str               :56   # 16       # key string now: 1eb6f4dfbc8537d1a4b788bfe2cb7368ac03be11ba4d4a76c8ec610d3ba2886a
2015-04-06 21:52:15.726601 key.c          :key_to_str               :56   # 16       # key string now: 09ae80c25ad288333c7cb00a8c22336ca7eb00e3454377b812b20fbc3eb257ab
2015-04-06 21:52:15.726607 key.c          :key_to_str               :56   # 16       # key string now: 1508741d61b2b000683ad8b556a93c000418bd2e7509d000b63a5150fcf03000
2015-04-06 21:52:15.726615 key.c          :key_distance             :340  # 32       # key_distance 1eb6f4dfbc8537d1a4b788bfe2cb7368ac03be11ba4d4a76c8ec610d3ba2886a to 09ae80c25ad288333c7cb00a8c22336ca7eb00e3454377b812b20fbc3eb257ab = 1508741d61b2b000683ad8b556a93c000418bd2e7509d000b63a5150fcf03000
2015-04-06 21:52:15.726621 route.c        :route_lookup             :254  # 128      # ++NEXT_HOP = 09ae80c25ad288333c7cb00a8c22336ca7eb00e3454377b812b20fbc3eb257ab
2015-04-06 21:52:15.726631 np_glia.c      :np_route_lookup          :72   # 16       # internal routing for _NEUROPIL.PING.REPLY
2015-04-06 21:52:15.726682 np_dendrit.c   :hnd_msg_in_pingreply     :281  # 16       # ping reply received from host: brandonpi-larnet.local:2222, last failure time: 1428349935.674629!
2015-04-06 21:52:15.726923 np_glia.c      :np_network_read          :399  # 16       # received message for subject: _NEUROPIL.PING.REPLY (seq=13, ack=1)
2015-04-06 21:52:15.726996 np_glia.c      :np_route_lookup          :40   # 16       # target is 0x7f9203c045f0 key 09ae80c25ad288333c7cb00a8c22336ca7eb00e3454377b812b20fbc3eb257ab
2015-04-06 21:52:15.727012 np_axon.c      :hnd_msg_out_ack          :58   # 64       # sending ack back to brandonpi-larnet.local:2222
2015-04-06 21:52:15.727030 route.c        :route_lookup             :199  # 128      # 09ae80c25ad288333c7cb00a8c22336ca7eb00e3454377b812b20fbc3eb257ab is looking for key 09ae80c25ad288333c7cb00a8c22336ca7eb00e3454377b812b20fbc3eb257ab !
2015-04-06 21:52:15.727086 route.c        :route_lookup             :210  # 128      # routing through leafset
2015-04-06 21:52:15.727102 route.c        :route_lookup             :223  # 128      # ME: (brandonpi-larnet.local, 1111, 09ae80c25ad288333c7cb00a8c22336ca7eb00e3454377b812b20fbc3eb257ab)
2015-04-06 21:52:15.727109 route.c        :route_lookup             :244  # 128      # Right_leafset[0]: (brandonpi-larnet.local, 2222, 1eb6f4dfbc8537d1a4b788bfe2cb7368ac03be11ba4d4a76c8ec610d3ba2886a)
2015-04-06 21:52:15.727117 key.c          :key_to_str               :56   # 16       # key string now: 09ae80c25ad288333c7cb00a8c22336ca7eb00e3454377b812b20fbc3eb257ab
2015-04-06 21:52:15.727124 key.c          :key_to_str               :56   # 16       # key string now: 09ae80c25ad288333c7cb00a8c22336ca7eb00e3454377b812b20fbc3eb257ab
2015-04-06 21:52:15.727131 key.c          :key_to_str               :56   # 16       # key string now: 0000000000000000000000000000000000000000000000000000000000000000
2015-04-06 21:52:15.727138 key.c          :key_distance             :340  # 32       # key_distance 09ae80c25ad288333c7cb00a8c22336ca7eb00e3454377b812b20fbc3eb257ab to 09ae80c25ad288333c7cb00a8c22336ca7eb00e3454377b812b20fbc3eb257ab = 0000000000000000000000000000000000000000000000000000000000000000
2015-04-06 21:52:15.727146 key.c          :key_to_str               :56   # 16       # key string now: 09ae80c25ad288333c7cb00a8c22336ca7eb00e3454377b812b20fbc3eb257ab
2015-04-06 21:52:15.727153 key.c          :key_to_str               :56   # 16       # key string now: 09ae80c25ad288333c7cb00a8c22336ca7eb00e3454377b812b20fbc3eb257ab
2015-04-06 21:52:15.727173 key.c          :key_to_str               :56   # 16       # key string now: 0000000000000000000000000000000000000000000000000000000000000000
2015-04-06 21:52:15.727181 key.c          :key_distance             :340  # 32       # key_distance 09ae80c25ad288333c7cb00a8c22336ca7eb00e3454377b812b20fbc3eb257ab to 09ae80c25ad288333c7cb00a8c22336ca7eb00e3454377b812b20fbc3eb257ab = 0000000000000000000000000000000000000000000000000000000000000000
2015-04-06 21:52:15.727188 key.c          :key_to_str               :56   # 16       # key string now: 1eb6f4dfbc8537d1a4b788bfe2cb7368ac03be11ba4d4a76c8ec610d3ba2886a
2015-04-06 21:52:15.727194 key.c          :key_to_str               :56   # 16       # key string now: 09ae80c25ad288333c7cb00a8c22336ca7eb00e3454377b812b20fbc3eb257ab
2015-04-06 21:52:15.727201 key.c          :key_to_str               :56   # 16       # key string now: 1508741d61b2b000683ad8b556a93c000418bd2e7509d000b63a5150fcf03000
2015-04-06 21:52:15.727207 key.c          :key_distance             :340  # 32       # key_distance 1eb6f4dfbc8537d1a4b788bfe2cb7368ac03be11ba4d4a76c8ec610d3ba2886a to 09ae80c25ad288333c7cb00a8c22336ca7eb00e3454377b812b20fbc3eb257ab = 1508741d61b2b000683ad8b556a93c000418bd2e7509d000b63a5150fcf03000
2015-04-06 21:52:15.727213 route.c        :route_lookup             :254  # 128      # ++NEXT_HOP = 09ae80c25ad288333c7cb00a8c22336ca7eb00e3454377b812b20fbc3eb257ab
2015-04-06 21:52:15.727221 np_glia.c      :np_route_lookup          :72   # 16       # internal routing for _NEUROPIL.PING.REPLY
2015-04-06 21:52:15.727240 np_dendrit.c   :hnd_msg_in_pingreply     :281  # 16       # ping reply received from host: brandonpi-larnet.local:2222, last failure time: 0.000000!
2015-04-06 21:52:19.728258 np_glia.c      :np_retransmit_messages   :233  # 4        # retransmission check for message 11 (now: 1428349939.728241 / rtt: 1428349939.723672)
2015-04-06 21:52:19.728315 np_glia.c      :np_retransmit_messages   :273  # 16       # message acknowledged, no further retry: 11
2015-04-06 21:52:19.728492 node.c         :np_node_update_stat      :443  # 16       # success rate for node 1eb6f4dfbc8537d1a4b788bfe2cb7368ac03be11ba4d4a76c8ec610d3ba2886a now: 1.0
2015-04-06 21:52:19.728570 np_glia.c      :np_retransmit_messages   :233  # 4        # retransmission check for message 10 (now: 1428349939.728562 / rtt: 1428349939.723709)
2015-04-06 21:52:19.728587 np_glia.c      :np_retransmit_messages   :273  # 16       # message acknowledged, no further retry: 10
2015-04-06 21:52:19.728600 node.c         :np_node_update_stat      :443  # 16       # success rate for node 1eb6f4dfbc8537d1a4b788bfe2cb7368ac03be11ba4d4a76c8ec610d3ba2886a now: 1.0
2015-04-06 21:52:20.729771 np_glia.c      :np_retransmit_messages   :233  # 4        # retransmission check for message 13 (now: 1428349940.729754 / rtt: 1428349940.724183)
2015-04-06 21:52:20.729809 np_glia.c      :np_retransmit_messages   :273  # 16       # message acknowledged, no further retry: 13
2015-04-06 21:52:20.729822 node.c         :np_node_update_stat      :443  # 16       # success rate for node 1eb6f4dfbc8537d1a4b788bfe2cb7368ac03be11ba4d4a76c8ec610d3ba2886a now: 1.0
2015-04-06 21:52:20.729866 np_glia.c      :np_retransmit_messages   :233  # 4        # retransmission check for message 12 (now: 1428349940.729860 / rtt: 1428349940.724183)
2015-04-06 21:52:20.729880 np_glia.c      :np_retransmit_messages   :273  # 16       # message acknowledged, no further retry: 12
2015-04-06 21:52:20.729887 node.c         :np_node_update_stat      :443  # 16       # success rate for node 1eb6f4dfbc8537d1a4b788bfe2cb7368ac03be11ba4d4a76c8ec610d3ba2886a now: 1.0
2015-04-06 21:52:34.423249 np_glia.c      :np_network_read          :399  # 16       # received message for subject: _NEUROPIL.PING.REQUEST (seq=14, ack=1)
2015-04-06 21:52:34.423333 np_axon.c      :hnd_msg_out_ack          :58   # 64       # sending ack back to brandonpi-larnet.local:2222
2015-04-06 21:52:34.423342 np_glia.c      :np_route_lookup          :40   # 16       # target is 0x7f9203c045f0 key 09ae80c25ad288333c7cb00a8c22336ca7eb00e3454377b812b20fbc3eb257ab
2015-04-06 21:52:34.423355 route.c        :route_lookup             :199  # 128      # 09ae80c25ad288333c7cb00a8c22336ca7eb00e3454377b812b20fbc3eb257ab is looking for key 09ae80c25ad288333c7cb00a8c22336ca7eb00e3454377b812b20fbc3eb257ab !
2015-04-06 21:52:34.423365 route.c        :route_lookup             :210  # 128      # routing through leafset
2015-04-06 21:52:34.423374 route.c        :route_lookup             :223  # 128      # ME: (brandonpi-larnet.local, 1111, 09ae80c25ad288333c7cb00a8c22336ca7eb00e3454377b812b20fbc3eb257ab)
2015-04-06 21:52:34.423382 route.c        :route_lookup             :244  # 128      # Right_leafset[0]: (brandonpi-larnet.local, 2222, 1eb6f4dfbc8537d1a4b788bfe2cb7368ac03be11ba4d4a76c8ec610d3ba2886a)
2015-04-06 21:52:34.423391 key.c          :key_to_str               :56   # 16       # key string now: 09ae80c25ad288333c7cb00a8c22336ca7eb00e3454377b812b20fbc3eb257ab
2015-04-06 21:52:34.423401 key.c          :key_to_str               :56   # 16       # key string now: 09ae80c25ad288333c7cb00a8c22336ca7eb00e3454377b812b20fbc3eb257ab
2015-04-06 21:52:34.423410 key.c          :key_to_str               :56   # 16       # key string now: 0000000000000000000000000000000000000000000000000000000000000000
2015-04-06 21:52:34.423418 key.c          :key_distance             :340  # 32       # key_distance 09ae80c25ad288333c7cb00a8c22336ca7eb00e3454377b812b20fbc3eb257ab to 09ae80c25ad288333c7cb00a8c22336ca7eb00e3454377b812b20fbc3eb257ab = 0000000000000000000000000000000000000000000000000000000000000000
2015-04-06 21:52:34.423426 key.c          :key_to_str               :56   # 16       # key string now: 09ae80c25ad288333c7cb00a8c22336ca7eb00e3454377b812b20fbc3eb257ab
2015-04-06 21:52:34.423435 key.c          :key_to_str               :56   # 16       # key string now: 09ae80c25ad288333c7cb00a8c22336ca7eb00e3454377b812b20fbc3eb257ab
2015-04-06 21:52:34.423443 key.c          :key_to_str               :56   # 16       # key string now: 0000000000000000000000000000000000000000000000000000000000000000
2015-04-06 21:52:34.423474 key.c          :key_distance             :340  # 32       # key_distance 09ae80c25ad288333c7cb00a8c22336ca7eb00e3454377b812b20fbc3eb257ab to 09ae80c25ad288333c7cb00a8c22336ca7eb00e3454377b812b20fbc3eb257ab = 0000000000000000000000000000000000000000000000000000000000000000
2015-04-06 21:52:34.423479 np_glia.c      :np_network_read          :399  # 16       # received message for subject: _NEUROPIL.PING.REQUEST (seq=15, ack=1)
2015-04-06 21:52:34.423484 key.c          :key_to_str               :56   # 16       # key string now: 1eb6f4dfbc8537d1a4b788bfe2cb7368ac03be11ba4d4a76c8ec610d3ba2886a
2015-04-06 21:52:34.423619 np_axon.c      :hnd_msg_out_ack          :58   # 64       # sending ack back to brandonpi-larnet.local:2222
2015-04-06 21:52:34.423691 np_glia.c      :np_route_lookup          :40   # 16       # target is 0x7f9203c045f0 key 09ae80c25ad288333c7cb00a8c22336ca7eb00e3454377b812b20fbc3eb257ab
2015-04-06 21:52:34.423714 key.c          :key_to_str               :56   # 16       # key string now: 09ae80c25ad288333c7cb00a8c22336ca7eb00e3454377b812b20fbc3eb257ab
2015-04-06 21:52:34.423952 key.c          :key_to_str               :56   # 16       # key string now: 1508741d61b2b000683ad8b556a93c000418bd2e7509d000b63a5150fcf03000
2015-04-06 21:52:34.423966 key.c          :key_distance             :340  # 32       # key_distance 1eb6f4dfbc8537d1a4b788bfe2cb7368ac03be11ba4d4a76c8ec610d3ba2886a to 09ae80c25ad288333c7cb00a8c22336ca7eb00e3454377b812b20fbc3eb257ab = 1508741d61b2b000683ad8b556a93c000418bd2e7509d000b63a5150fcf03000
2015-04-06 21:52:34.423974 route.c        :route_lookup             :254  # 128      # ++NEXT_HOP = 09ae80c25ad288333c7cb00a8c22336ca7eb00e3454377b812b20fbc3eb257ab
2015-04-06 21:52:34.423986 np_glia.c      :np_route_lookup          :72   # 16       # internal routing for _NEUROPIL.PING.REQUEST
2015-04-06 21:52:34.424002 np_dendrit.c   :hnd_msg_in_ping          :267  # 16       # received a PING message from brandonpi-larnet.local:2222 !

2015-04-06 21:52:34.424061 route.c        :route_lookup             :199  # 128      # 09ae80c25ad288333c7cb00a8c22336ca7eb00e3454377b812b20fbc3eb257ab is looking for key 09ae80c25ad288333c7cb00a8c22336ca7eb00e3454377b812b20fbc3eb257ab !
2015-04-06 21:52:34.424072 route.c        :route_lookup             :210  # 128      # routing through leafset
2015-04-06 21:52:34.424082 route.c        :route_lookup             :223  # 128      # ME: (brandonpi-larnet.local, 1111, 09ae80c25ad288333c7cb00a8c22336ca7eb00e3454377b812b20fbc3eb257ab)
2015-04-06 21:52:34.424101 route.c        :route_lookup             :244  # 128      # Right_leafset[0]: (brandonpi-larnet.local, 2222, 1eb6f4dfbc8537d1a4b788bfe2cb7368ac03be11ba4d4a76c8ec610d3ba2886a)
2015-04-06 21:52:34.424162 key.c          :key_to_str               :56   # 16       # key string now: 09ae80c25ad288333c7cb00a8c22336ca7eb00e3454377b812b20fbc3eb257ab
2015-04-06 21:52:34.424171 key.c          :key_to_str               :56   # 16       # key string now: 09ae80c25ad288333c7cb00a8c22336ca7eb00e3454377b812b20fbc3eb257ab
2015-04-06 21:52:34.424180 key.c          :key_to_str               :56   # 16       # key string now: 0000000000000000000000000000000000000000000000000000000000000000
2015-04-06 21:52:34.424188 key.c          :key_distance             :340  # 32       # key_distance 09ae80c25ad288333c7cb00a8c22336ca7eb00e3454377b812b20fbc3eb257ab to 09ae80c25ad288333c7cb00a8c22336ca7eb00e3454377b812b20fbc3eb257ab = 0000000000000000000000000000000000000000000000000000000000000000
2015-04-06 21:52:34.424197 key.c          :key_to_str               :56   # 16       # key string now: 09ae80c25ad288333c7cb00a8c22336ca7eb00e3454377b812b20fbc3eb257ab
2015-04-06 21:52:34.424256 key.c          :key_to_str               :56   # 16       # key string now: 09ae80c25ad288333c7cb00a8c22336ca7eb00e3454377b812b20fbc3eb257ab
2015-04-06 21:52:34.424268 key.c          :key_to_str               :56   # 16       # key string now: 0000000000000000000000000000000000000000000000000000000000000000
2015-04-06 21:52:34.424289 key.c          :key_distance             :340  # 32       # key_distance 09ae80c25ad288333c7cb00a8c22336ca7eb00e3454377b812b20fbc3eb257ab to 09ae80c25ad288333c7cb00a8c22336ca7eb00e3454377b812b20fbc3eb257ab = 0000000000000000000000000000000000000000000000000000000000000000
2015-04-06 21:52:34.424298 key.c          :key_to_str               :56   # 16       # key string now: 1eb6f4dfbc8537d1a4b788bfe2cb7368ac03be11ba4d4a76c8ec610d3ba2886a
2015-04-06 21:52:34.424338 key.c          :key_to_str               :56   # 16       # key string now: 09ae80c25ad288333c7cb00a8c22336ca7eb00e3454377b812b20fbc3eb257ab
2015-04-06 21:52:34.424381 key.c          :key_to_str               :56   # 16       # key string now: 1508741d61b2b000683ad8b556a93c000418bd2e7509d000b63a5150fcf03000
2015-04-06 21:52:34.424390 key.c          :key_distance             :340  # 32       # key_distance 1eb6f4dfbc8537d1a4b788bfe2cb7368ac03be11ba4d4a76c8ec610d3ba2886a to 09ae80c25ad288333c7cb00a8c22336ca7eb00e3454377b812b20fbc3eb257ab = 1508741d61b2b000683ad8b556a93c000418bd2e7509d000b63a5150fcf03000
2015-04-06 21:52:34.424397 route.c        :route_lookup             :254  # 128      # ++NEXT_HOP = 09ae80c25ad288333c7cb00a8c22336ca7eb00e3454377b812b20fbc3eb257ab
2015-04-06 21:52:34.424406 np_glia.c      :np_route_lookup          :72   # 16       # internal routing for _NEUROPIL.PING.REQUEST
2015-04-06 21:52:34.424452 np_dendrit.c   :hnd_msg_in_ping          :267  # 16       # received a PING message from brandonpi-larnet.local:2222 !

2015-04-06 21:52:35.675854 np_glia.c      :np_check_leafset         :129  # 4        # leafset check for neighbours started
2015-04-06 21:52:35.675915 neuropil.c     :np_ping                  :229  # 16       # ping request to: 1eb6f4dfbc8537d1a4b788bfe2cb7368ac03be11ba4d4a76c8ec610d3ba2886a
2015-04-06 21:52:35.675933 np_glia.c      :np_check_leafset         :148  # 4        # leafset check for table started
2015-04-06 21:52:35.676002 neuropil.c     :np_ping                  :229  # 16       # ping request to: 1eb6f4dfbc8537d1a4b788bfe2cb7368ac03be11ba4d4a76c8ec610d3ba2886a
2015-04-06 21:52:35.741679 np_axon.c      :hnd_msg_out_send         :164  # 64       # sending message seq=14 ack=1 to brandonpi-larnet.local:2222
2015-04-06 21:52:35.741695 np_axon.c      :hnd_msg_out_send         :164  # 64       # sending message seq=15 ack=1 to brandonpi-larnet.local:2222
2015-04-06 21:52:35.742039 np_axon.c      :hnd_msg_out_send         :164  # 64       # sending message seq=17 ack=1 to brandonpi-larnet.local:2222
2015-04-06 21:52:35.742136 np_axon.c      :hnd_msg_out_send         :164  # 64       # sending message seq=16 ack=1 to brandonpi-larnet.local:2222
2015-04-06 21:52:35.742602 np_glia.c      :np_network_read          :392  # 16       # acknowledged seq=14
2015-04-06 21:52:35.742674 np_glia.c      :np_network_read          :392  # 16       # acknowledged seq=15
2015-04-06 21:52:35.743730 np_glia.c      :np_network_read          :392  # 16       # acknowledged seq=17
2015-04-06 21:52:35.744242 np_glia.c      :np_network_read          :392  # 16       # acknowledged seq=16
2015-04-06 21:52:35.745271 np_glia.c      :np_network_read          :399  # 16       # received message for subject: _NEUROPIL.PING.REPLY (seq=16, ack=1)
2015-04-06 21:52:35.745341 np_axon.c      :hnd_msg_out_ack          :58   # 64       # sending ack back to brandonpi-larnet.local:2222
2015-04-06 21:52:35.745371 np_glia.c      :np_route_lookup          :40   # 16       # target is 0x7f9203c045f0 key 09ae80c25ad288333c7cb00a8c22336ca7eb00e3454377b812b20fbc3eb257ab
2015-04-06 21:52:35.745391 route.c        :route_lookup             :199  # 128      # 09ae80c25ad288333c7cb00a8c22336ca7eb00e3454377b812b20fbc3eb257ab is looking for key 09ae80c25ad288333c7cb00a8c22336ca7eb00e3454377b812b20fbc3eb257ab !
2015-04-06 21:52:35.745404 route.c        :route_lookup             :210  # 128      # routing through leafset
2015-04-06 21:52:35.745412 route.c        :route_lookup             :223  # 128      # ME: (brandonpi-larnet.local, 1111, 09ae80c25ad288333c7cb00a8c22336ca7eb00e3454377b812b20fbc3eb257ab)
2015-04-06 21:52:35.745429 route.c        :route_lookup             :244  # 128      # Right_leafset[0]: (brandonpi-larnet.local, 2222, 1eb6f4dfbc8537d1a4b788bfe2cb7368ac03be11ba4d4a76c8ec610d3ba2886a)
2015-04-06 21:52:35.745437 key.c          :key_to_str               :56   # 16       # key string now: 09ae80c25ad288333c7cb00a8c22336ca7eb00e3454377b812b20fbc3eb257ab
2015-04-06 21:52:35.745444 key.c          :key_to_str               :56   # 16       # key string now: 09ae80c25ad288333c7cb00a8c22336ca7eb00e3454377b812b20fbc3eb257ab
2015-04-06 21:52:35.745451 key.c          :key_to_str               :56   # 16       # key string now: 0000000000000000000000000000000000000000000000000000000000000000
2015-04-06 21:52:35.745458 key.c          :key_distance             :340  # 32       # key_distance 09ae80c25ad288333c7cb00a8c22336ca7eb00e3454377b812b20fbc3eb257ab to 09ae80c25ad288333c7cb00a8c22336ca7eb00e3454377b812b20fbc3eb257ab = 0000000000000000000000000000000000000000000000000000000000000000
2015-04-06 21:52:35.745465 key.c          :key_to_str               :56   # 16       # key string now: 09ae80c25ad288333c7cb00a8c22336ca7eb00e3454377b812b20fbc3eb257ab
2015-04-06 21:52:35.745472 key.c          :key_to_str               :56   # 16       # key string now: 09ae80c25ad288333c7cb00a8c22336ca7eb00e3454377b812b20fbc3eb257ab
2015-04-06 21:52:35.745478 key.c          :key_to_str               :56   # 16       # key string now: 0000000000000000000000000000000000000000000000000000000000000000
2015-04-06 21:52:35.745485 key.c          :key_distance             :340  # 32       # key_distance 09ae80c25ad288333c7cb00a8c22336ca7eb00e3454377b812b20fbc3eb257ab to 09ae80c25ad288333c7cb00a8c22336ca7eb00e3454377b812b20fbc3eb257ab = 0000000000000000000000000000000000000000000000000000000000000000
2015-04-06 21:52:35.745492 key.c          :key_to_str               :56   # 16       # key string now: 1eb6f4dfbc8537d1a4b788bfe2cb7368ac03be11ba4d4a76c8ec610d3ba2886a
2015-04-06 21:52:35.745499 key.c          :key_to_str               :56   # 16       # key string now: 09ae80c25ad288333c7cb00a8c22336ca7eb00e3454377b812b20fbc3eb257ab
2015-04-06 21:52:35.745506 key.c          :key_to_str               :56   # 16       # key string now: 1508741d61b2b000683ad8b556a93c000418bd2e7509d000b63a5150fcf03000
2015-04-06 21:52:35.745512 key.c          :key_distance             :340  # 32       # key_distance 1eb6f4dfbc8537d1a4b788bfe2cb7368ac03be11ba4d4a76c8ec610d3ba2886a to 09ae80c25ad288333c7cb00a8c22336ca7eb00e3454377b812b20fbc3eb257ab = 1508741d61b2b000683ad8b556a93c000418bd2e7509d000b63a5150fcf03000
2015-04-06 21:52:35.745519 route.c        :route_lookup             :254  # 128      # ++NEXT_HOP = 09ae80c25ad288333c7cb00a8c22336ca7eb00e3454377b812b20fbc3eb257ab
2015-04-06 21:52:35.745527 np_glia.c      :np_route_lookup          :72   # 16       # internal routing for _NEUROPIL.PING.REPLY
2015-04-06 21:52:35.745555 np_dendrit.c   :hnd_msg_in_pingreply     :281  # 16       # ping reply received from host: brandonpi-larnet.local:2222, last failure time: 1428349955.675978!
2015-04-06 21:52:35.745996 np_glia.c      :np_network_read          :399  # 16       # received message for subject: _NEUROPIL.PING.REPLY (seq=17, ack=1)
2015-04-06 21:52:35.746059 np_glia.c      :np_route_lookup          :40   # 16       # target is 0x7f9203c045f0 key 09ae80c25ad288333c7cb00a8c22336ca7eb00e3454377b812b20fbc3eb257ab
2015-04-06 21:52:35.746068 np_axon.c      :hnd_msg_out_ack          :58   # 64       # sending ack back to brandonpi-larnet.local:2222
2015-04-06 21:52:35.746078 route.c        :route_lookup             :199  # 128      # 09ae80c25ad288333c7cb00a8c22336ca7eb00e3454377b812b20fbc3eb257ab is looking for key 09ae80c25ad288333c7cb00a8c22336ca7eb00e3454377b812b20fbc3eb257ab !
2015-04-06 21:52:35.746122 route.c        :route_lookup             :210  # 128      # routing through leafset
2015-04-06 21:52:35.746146 route.c        :route_lookup             :223  # 128      # ME: (brandonpi-larnet.local, 1111, 09ae80c25ad288333c7cb00a8c22336ca7eb00e3454377b812b20fbc3eb257ab)
2015-04-06 21:52:35.746188 route.c        :route_lookup             :244  # 128      # Right_leafset[0]: (brandonpi-larnet.local, 2222, 1eb6f4dfbc8537d1a4b788bfe2cb7368ac03be11ba4d4a76c8ec610d3ba2886a)
2015-04-06 21:52:35.746208 key.c          :key_to_str               :56   # 16       # key string now: 09ae80c25ad288333c7cb00a8c22336ca7eb00e3454377b812b20fbc3eb257ab
2015-04-06 21:52:35.746272 key.c          :key_to_str               :56   # 16       # key string now: 09ae80c25ad288333c7cb00a8c22336ca7eb00e3454377b812b20fbc3eb257ab
2015-04-06 21:52:35.746285 key.c          :key_to_str               :56   # 16       # key string now: 0000000000000000000000000000000000000000000000000000000000000000
2015-04-06 21:52:35.746291 key.c          :key_distance             :340  # 32       # key_distance 09ae80c25ad288333c7cb00a8c22336ca7eb00e3454377b812b20fbc3eb257ab to 09ae80c25ad288333c7cb00a8c22336ca7eb00e3454377b812b20fbc3eb257ab = 0000000000000000000000000000000000000000000000000000000000000000
2015-04-06 21:52:35.746298 key.c          :key_to_str               :56   # 16       # key string now: 09ae80c25ad288333c7cb00a8c22336ca7eb00e3454377b812b20fbc3eb257ab
2015-04-06 21:52:35.746305 key.c          :key_to_str               :56   # 16       # key string now: 09ae80c25ad288333c7cb00a8c22336ca7eb00e3454377b812b20fbc3eb257ab
2015-04-06 21:52:35.746312 key.c          :key_to_str               :56   # 16       # key string now: 0000000000000000000000000000000000000000000000000000000000000000
2015-04-06 21:52:35.746319 key.c          :key_distance             :340  # 32       # key_distance 09ae80c25ad288333c7cb00a8c22336ca7eb00e3454377b812b20fbc3eb257ab to 09ae80c25ad288333c7cb00a8c22336ca7eb00e3454377b812b20fbc3eb257ab = 0000000000000000000000000000000000000000000000000000000000000000
2015-04-06 21:52:35.746326 key.c          :key_to_str               :56   # 16       # key string now: 1eb6f4dfbc8537d1a4b788bfe2cb7368ac03be11ba4d4a76c8ec610d3ba2886a
2015-04-06 21:52:35.746333 key.c          :key_to_str               :56   # 16       # key string now: 09ae80c25ad288333c7cb00a8c22336ca7eb00e3454377b812b20fbc3eb257ab
2015-04-06 21:52:35.746340 key.c          :key_to_str               :56   # 16       # key string now: 1508741d61b2b000683ad8b556a93c000418bd2e7509d000b63a5150fcf03000
2015-04-06 21:52:35.746346 key.c          :key_distance             :340  # 32       # key_distance 1eb6f4dfbc8537d1a4b788bfe2cb7368ac03be11ba4d4a76c8ec610d3ba2886a to 09ae80c25ad288333c7cb00a8c22336ca7eb00e3454377b812b20fbc3eb257ab = 1508741d61b2b000683ad8b556a93c000418bd2e7509d000b63a5150fcf03000
2015-04-06 21:52:35.746356 route.c        :route_lookup             :254  # 128      # ++NEXT_HOP = 09ae80c25ad288333c7cb00a8c22336ca7eb00e3454377b812b20fbc3eb257ab
2015-04-06 21:52:35.746366 np_glia.c      :np_route_lookup          :72   # 16       # internal routing for _NEUROPIL.PING.REPLY
2015-04-06 21:52:35.746392 np_dendrit.c   :hnd_msg_in_pingreply     :281  # 16       # ping reply received from host: brandonpi-larnet.local:2222, last failure time: 0.000000!
2015-04-06 21:52:39.744471 np_glia.c      :np_retransmit_messages   :233  # 4        # retransmission check for message 15 (now: 1428349959.744454 / rtt: 1428349959.740629)
2015-04-06 21:52:39.744517 np_glia.c      :np_retransmit_messages   :273  # 16       # message acknowledged, no further retry: 15
2015-04-06 21:52:39.744535 node.c         :np_node_update_stat      :443  # 16       # success rate for node 1eb6f4dfbc8537d1a4b788bfe2cb7368ac03be11ba4d4a76c8ec610d3ba2886a now: 1.0
2015-04-06 21:52:39.744617 np_glia.c      :np_retransmit_messages   :233  # 4        # retransmission check for message 14 (now: 1428349959.744609 / rtt: 1428349959.740629)
2015-04-06 21:52:39.744638 np_glia.c      :np_retransmit_messages   :273  # 16       # message acknowledged, no further retry: 14
2015-04-06 21:52:39.744651 node.c         :np_node_update_stat      :443  # 16       # success rate for node 1eb6f4dfbc8537d1a4b788bfe2cb7368ac03be11ba4d4a76c8ec610d3ba2886a now: 1.0
2015-04-06 21:52:40.745972 np_glia.c      :np_retransmit_messages   :233  # 4        # retransmission check for message 17 (now: 1428349960.745957 / rtt: 1428349960.741841)
2015-04-06 21:52:40.746011 np_glia.c      :np_retransmit_messages   :273  # 16       # message acknowledged, no further retry: 17
2015-04-06 21:52:40.746028 node.c         :np_node_update_stat      :443  # 16       # success rate for node 1eb6f4dfbc8537d1a4b788bfe2cb7368ac03be11ba4d4a76c8ec610d3ba2886a now: 1.0
2015-04-06 21:52:40.746227 np_glia.c      :np_retransmit_messages   :233  # 4        # retransmission check for message 16 (now: 1428349960.746216 / rtt: 1428349960.741881)
2015-04-06 21:52:40.746251 np_glia.c      :np_retransmit_messages   :273  # 16       # message acknowledged, no further retry: 16
2015-04-06 21:52:40.746266 node.c         :np_node_update_stat      :443  # 16       # success rate for node 1eb6f4dfbc8537d1a4b788bfe2cb7368ac03be11ba4d4a76c8ec610d3ba2886a now: 1.0
